(MainThread) 190830_17:32:47.780 DEBUG connect2.py:106 now is 2019-08-30 17:32:47.780532
(MainThread) 190830_17:32:47.795 ERROR wrapper.py:56 ERROR -1 2104 Market data farm connection is OK:hfarm
(MainThread) 190830_17:32:47.795 ERROR wrapper.py:56 ERROR -1 2104 Market data farm connection is OK:usfarm.nj
(MainThread) 190830_17:32:47.796 ERROR wrapper.py:56 ERROR -1 2104 Market data farm connection is OK:jfarm
(MainThread) 190830_17:32:47.796 ERROR wrapper.py:56 ERROR -1 2104 Market data farm connection is OK:usfuture
(MainThread) 190830_17:32:47.796 ERROR wrapper.py:56 ERROR -1 2104 Market data farm connection is OK:eufarm
(MainThread) 190830_17:32:47.797 ERROR wrapper.py:56 ERROR -1 2104 Market data farm connection is OK:cashfarm
(MainThread) 190830_17:32:47.798 ERROR wrapper.py:56 ERROR -1 2104 Market data farm connection is OK:usfarm
(MainThread) 190830_17:32:47.799 ERROR wrapper.py:56 ERROR -1 2106 HMDS data farm connection is OK:euhmds
(MainThread) 190830_17:32:47.799 ERROR wrapper.py:56 ERROR -1 2106 HMDS data farm connection is OK:ushmds.nj
(MainThread) 190830_17:32:47.800 ERROR wrapper.py:56 ERROR -1 2106 HMDS data farm connection is OK:cashhmds
(MainThread) 190830_17:32:47.800 ERROR wrapper.py:56 ERROR -1 2106 HMDS data farm connection is OK:fundfarm
(MainThread) 190830_17:32:47.800 ERROR wrapper.py:56 ERROR -1 2106 HMDS data farm connection is OK:ushmds
(MainThread) 190830_17:32:48.008 ERROR wrapper.py:56 ERROR 499 399 Order Message:
SELL 20K EUR.USD Forex
Warning: your order will not be placed at the exchange until 2019-09-01 17:15:00 US/Eastern
(MainThread) 190830_17:38:44.208 ERROR wrapper.py:56 ERROR -1 2103 Market data farm connection is broken:usfuture
(MainThread) 190830_17:38:44.956 ERROR wrapper.py:56 ERROR -1 2104 Market data farm connection is OK:usfuture
(MainThread) 190830_17:41:45.062 ERROR wrapper.py:56 ERROR -1 2103 Market data farm connection is broken:usfuture
(MainThread) 190830_17:41:45.869 ERROR wrapper.py:56 ERROR -1 2104 Market data farm connection is OK:usfuture
(MainThread) 190830_18:30:09.552 ERROR wrapper.py:56 ERROR -1 2103 Market data farm connection is broken:hfarm
(MainThread) 190830_18:30:11.719 ERROR wrapper.py:56 ERROR -1 2104 Market data farm connection is OK:hfarm
(MainThread) 190830_18:30:42.518 ERROR wrapper.py:56 ERROR -1 2103 Market data farm connection is broken:hfarm
(MainThread) 190830_18:30:44.392 ERROR wrapper.py:56 ERROR -1 2104 Market data farm connection is OK:hfarm
(MainThread) 190830_19:15:09.947 ERROR wrapper.py:56 ERROR -1 2103 Market data farm connection is broken:hfarm
(MainThread) 190830_19:15:13.198 ERROR wrapper.py:56 ERROR -1 2104 Market data farm connection is OK:hfarm
(MainThread) 190830_19:15:43.092 ERROR wrapper.py:56 ERROR -1 2103 Market data farm connection is broken:hfarm
(MainThread) 190830_19:15:45.339 ERROR wrapper.py:56 ERROR -1 2104 Market data farm connection is OK:hfarm
(MainThread) 190830_19:42:09.955 ERROR wrapper.py:56 ERROR -1 1100 Connectivity between Zacks Trade and ZacksTrade Pro has been lost.
(MainThread) 190830_19:42:14.633 ERROR wrapper.py:56 ERROR -1 2103 Market data farm connection is broken:hfarm
(MainThread) 190830_19:42:15.650 ERROR wrapper.py:56 ERROR -1 2103 Market data farm connection is broken:secdefil
(MainThread) 190830_19:42:15.655 ERROR wrapper.py:56 ERROR -1 2105 HMDS data farm connection is broken:ushmds
(MainThread) 190830_19:42:16.964 ERROR wrapper.py:56 ERROR 499 399 Order Message:
SELL 20K EUR.USD Forex
Warning: your order will not be placed at the exchange until 2019-09-01 17:15:00 US/Eastern
(MainThread) 190830_19:42:16.974 ERROR wrapper.py:56 ERROR -1 1102 Connectivity between Zacks Trade and ZacksTrade Pro has been restored - data maintained.
(MainThread) 190830_19:42:17.137 ERROR wrapper.py:56 ERROR -1 2103 Market data farm connection is broken:usfarm.nj
(MainThread) 190830_19:42:17.148 ERROR wrapper.py:56 ERROR -1 2103 Market data farm connection is broken:usfarm
(MainThread) 190830_19:42:17.261 ERROR wrapper.py:56 ERROR -1 2103 Market data farm connection is broken:eufarm
(MainThread) 190830_19:42:17.914 ERROR wrapper.py:56 ERROR 0 399 Order Message:
BUY 1 IBM NYSE
Warning: your order will not be placed at the exchange until 2019-08-30 09:30:00 US/Eastern
(MainThread) 190830_19:42:18.122 ERROR wrapper.py:56 ERROR -1 2106 HMDS data farm connection is OK:ushmds
(MainThread) 190830_19:42:18.152 ERROR wrapper.py:56 ERROR -1 2104 Market data farm connection is OK:secdefil
(MainThread) 190830_19:42:18.154 ERROR wrapper.py:56 ERROR 0 399 Order Message:
SELL 1 IBKR IEX
Warning: your order will not be placed at the exchange until 2019-09-03 09:30:00 US/Eastern
(MainThread) 190830_19:42:18.158 ERROR wrapper.py:56 ERROR 0 399 Order Message:
SELL 1 IBKR IEX
Warning: your order will not be placed at the exchange until 2019-09-03 09:30:00 US/Eastern
(MainThread) 190830_19:42:18.160 ERROR wrapper.py:56 ERROR 0 399 Order Message:
SELL 1 IBKR IEX
Warning: your order will not be placed at the exchange until 2019-09-03 09:30:00 US/Eastern
(MainThread) 190830_19:42:18.162 ERROR wrapper.py:56 ERROR 0 399 Order Message:
SELL 1 IBKR IEX
Warning: your order will not be placed at the exchange until 2019-09-03 09:30:00 US/Eastern
(MainThread) 190830_19:42:18.165 ERROR wrapper.py:56 ERROR 0 399 Order Message:
SELL 1 IBKR IEX
Warning: your order will not be placed at the exchange until 2019-09-03 09:30:00 US/Eastern
(MainThread) 190830_19:42:18.168 ERROR wrapper.py:56 ERROR 0 399 Order Message:
SELL 1 IBKR IEX
Warning: your order will not be placed at the exchange until 2019-09-03 09:30:00 US/Eastern
(MainThread) 190830_19:42:18.171 ERROR wrapper.py:56 ERROR 0 399 Order Message:
SELL 1 IBKR IEX
Warning: your order will not be placed at the exchange until 2019-09-03 09:30:00 US/Eastern
(MainThread) 190830_19:42:18.174 ERROR wrapper.py:56 ERROR 0 399 Order Message:
SELL 1 IBKR IEX
Warning: your order will not be placed at the exchange until 2019-09-03 09:30:00 US/Eastern
(MainThread) 190830_19:42:18.177 ERROR wrapper.py:56 ERROR -1 2104 Market data farm connection is OK:usfarm
(MainThread) 190830_19:42:18.179 ERROR wrapper.py:56 ERROR 0 399 Order Message:
SELL 1 IBKR IEX
Warning: your order will not be placed at the exchange until 2019-09-03 09:30:00 US/Eastern
(MainThread) 190830_19:42:18.183 ERROR wrapper.py:56 ERROR 0 399 Order Message:
SELL 1 IBKR IEX
Warning: your order will not be placed at the exchange until 2019-09-03 09:30:00 US/Eastern
(MainThread) 190830_19:42:18.185 ERROR wrapper.py:56 ERROR 0 399 Order Message:
SELL 1 IBKR IEX
Warning: your order will not be placed at the exchange until 2019-09-03 09:30:00 US/Eastern
(MainThread) 190830_19:42:18.188 ERROR wrapper.py:56 ERROR 0 399 Order Message:
SELL 1 IBKR IEX
Warning: your order will not be placed at the exchange until 2019-09-03 09:30:00 US/Eastern
(MainThread) 190830_19:42:18.191 ERROR wrapper.py:56 ERROR 0 399 Order Message:
SELL 1 IBKR IEX
Warning: your order will not be placed at the exchange until 2019-09-03 09:30:00 US/Eastern
(MainThread) 190830_19:42:18.194 ERROR wrapper.py:56 ERROR 0 399 Order Message:
SELL 1 IBKR IEX
Warning: your order will not be placed at the exchange until 2019-09-03 09:30:00 US/Eastern
(MainThread) 190830_19:42:18.197 ERROR wrapper.py:56 ERROR 0 399 Order Message:
SELL 1 IBKR IEX
Warning: your order will not be placed at the exchange until 2019-09-03 09:30:00 US/Eastern
(MainThread) 190830_19:42:18.200 ERROR wrapper.py:56 ERROR 0 399 Order Message:
SELL 1 IBKR IEX
Warning: your order will not be placed at the exchange until 2019-09-03 09:30:00 US/Eastern
(MainThread) 190830_19:42:18.203 ERROR wrapper.py:56 ERROR 0 399 Order Message:
SELL 1 IBKR IEX
Warning: your order will not be placed at the exchange until 2019-09-03 09:30:00 US/Eastern
(MainThread) 190830_19:42:18.205 ERROR wrapper.py:56 ERROR 0 399 Order Message:
SELL 1 IBKR IEX
Warning: your order will not be placed at the exchange until 2019-09-03 09:30:00 US/Eastern
(MainThread) 190830_19:42:18.207 ERROR wrapper.py:56 ERROR 0 399 Order Message:
SELL 1 IBKR IEX
Warning: your order will not be placed at the exchange until 2019-09-03 09:30:00 US/Eastern
(MainThread) 190830_19:42:18.210 ERROR wrapper.py:56 ERROR 0 399 Order Message:
SELL 1 IBKR IEX
Warning: your order will not be placed at the exchange until 2019-09-03 09:30:00 US/Eastern
(MainThread) 190830_19:42:18.213 ERROR wrapper.py:56 ERROR 0 399 Order Message:
SELL 1 IBKR IEX
Warning: your order will not be placed at the exchange until 2019-09-03 09:30:00 US/Eastern
(MainThread) 190830_19:42:18.218 ERROR wrapper.py:56 ERROR 0 399 Order Message:
SELL 1 IBKR IEX
Warning: your order will not be placed at the exchange until 2019-09-03 09:30:00 US/Eastern
(MainThread) 190830_19:42:18.221 ERROR wrapper.py:56 ERROR 0 399 Order Message:
SELL 1 IBKR IEX
Warning: your order will not be placed at the exchange until 2019-09-03 09:30:00 US/Eastern
(MainThread) 190830_19:42:18.224 ERROR wrapper.py:56 ERROR 0 399 Order Message:
SELL 1 IBKR IEX
Warning: your order will not be placed at the exchange until 2019-09-03 09:30:00 US/Eastern
(MainThread) 190830_19:42:18.228 ERROR wrapper.py:56 ERROR 0 399 Order Message:
SELL 1 IBKR IEX
Warning: your order will not be placed at the exchange until 2019-09-03 09:30:00 US/Eastern
(MainThread) 190830_19:42:18.233 ERROR wrapper.py:56 ERROR 0 399 Order Message:
SELL 1 IBKR IEX
Warning: your order will not be placed at the exchange until 2019-09-03 09:30:00 US/Eastern
(MainThread) 190830_19:42:18.237 ERROR wrapper.py:56 ERROR 0 399 Order Message:
SELL 1 IBKR IEX
Warning: your order will not be placed at the exchange until 2019-09-03 09:30:00 US/Eastern
(MainThread) 190830_19:42:18.241 ERROR wrapper.py:56 ERROR 0 399 Order Message:
SELL 1 IBKR IEX
Warning: your order will not be placed at the exchange until 2019-09-03 09:30:00 US/Eastern
(MainThread) 190830_19:42:18.243 ERROR wrapper.py:56 ERROR 0 399 Order Message:
SELL 1 IBKR IEX
Warning: your order will not be placed at the exchange until 2019-09-03 09:30:00 US/Eastern
(MainThread) 190830_19:42:18.246 ERROR wrapper.py:56 ERROR 0 399 Order Message:
SELL 1 IBKR IEX
Warning: your order will not be placed at the exchange until 2019-09-03 09:30:00 US/Eastern
(MainThread) 190830_19:42:18.249 ERROR wrapper.py:56 ERROR 0 399 Order Message:
SELL 1 IBKR IEX
Warning: your order will not be placed at the exchange until 2019-09-03 09:30:00 US/Eastern
(MainThread) 190830_19:42:18.252 ERROR wrapper.py:56 ERROR 0 399 Order Message:
SELL 1 IBKR IEX
Warning: your order will not be placed at the exchange until 2019-09-03 09:30:00 US/Eastern
(MainThread) 190830_19:42:18.254 ERROR wrapper.py:56 ERROR 0 399 Order Message:
SELL 1 IBKR IEX
Warning: your order will not be placed at the exchange until 2019-09-03 09:30:00 US/Eastern
(MainThread) 190830_19:42:18.265 ERROR wrapper.py:56 ERROR 0 399 Order Message:
SELL 1 IBKR IEX
Warning: your order will not be placed at the exchange until 2019-09-03 09:30:00 US/Eastern
(MainThread) 190830_19:42:18.270 ERROR wrapper.py:56 ERROR 0 399 Order Message:
SELL 1 IBKR IEX
Warning: your order will not be placed at the exchange until 2019-09-03 09:30:00 US/Eastern
(MainThread) 190830_19:42:18.273 ERROR wrapper.py:56 ERROR 0 399 Order Message:
SELL 1 IBKR IEX
Warning: your order will not be placed at the exchange until 2019-09-03 09:30:00 US/Eastern
(MainThread) 190830_19:42:18.275 ERROR wrapper.py:56 ERROR 0 399 Order Message:
SELL 1 IBKR IEX
Warning: your order will not be placed at the exchange until 2019-09-03 09:30:00 US/Eastern
(MainThread) 190830_19:42:18.278 ERROR wrapper.py:56 ERROR 0 399 Order Message:
SELL 1 IBKR IEX
Warning: your order will not be placed at the exchange until 2019-09-03 09:30:00 US/Eastern
(MainThread) 190830_19:42:18.281 ERROR wrapper.py:56 ERROR 0 399 Order Message:
SELL 1 IBKR IEX
Warning: your order will not be placed at the exchange until 2019-09-03 09:30:00 US/Eastern
(MainThread) 190830_19:42:18.285 ERROR wrapper.py:56 ERROR 0 399 Order Message:
SELL 1 IBKR IEX
Warning: your order will not be placed at the exchange until 2019-09-03 09:30:00 US/Eastern
(MainThread) 190830_19:42:18.288 ERROR wrapper.py:56 ERROR 0 399 Order Message:
SELL 1 IBKR IEX
Warning: your order will not be placed at the exchange until 2019-09-03 09:30:00 US/Eastern
(MainThread) 190830_19:42:18.290 ERROR wrapper.py:56 ERROR 0 399 Order Message:
SELL 1 IBKR IEX
Warning: your order will not be placed at the exchange until 2019-09-03 09:30:00 US/Eastern
(MainThread) 190830_19:42:18.293 ERROR wrapper.py:56 ERROR 0 399 Order Message:
SELL 1 IBKR IEX
Warning: your order will not be placed at the exchange until 2019-09-03 09:30:00 US/Eastern
(MainThread) 190830_19:42:18.296 ERROR wrapper.py:56 ERROR 0 399 Order Message:
SELL 1 IBKR IEX
Warning: your order will not be placed at the exchange until 2019-09-03 09:30:00 US/Eastern
(MainThread) 190830_19:42:18.298 ERROR wrapper.py:56 ERROR 0 399 Order Message:
SELL 1 IBKR IEX
Warning: your order will not be placed at the exchange until 2019-09-03 09:30:00 US/Eastern
(MainThread) 190830_19:42:18.300 ERROR wrapper.py:56 ERROR 0 399 Order Message:
SELL 1 IBKR IEX
Warning: your order will not be placed at the exchange until 2019-09-03 09:30:00 US/Eastern
(MainThread) 190830_19:42:18.303 ERROR wrapper.py:56 ERROR 0 399 Order Message:
SELL 1 IBKR IEX
Warning: your order will not be placed at the exchange until 2019-09-03 09:30:00 US/Eastern
(MainThread) 190830_19:42:18.306 ERROR wrapper.py:56 ERROR 0 399 Order Message:
SELL 1 IBKR IEX
Warning: your order will not be placed at the exchange until 2019-09-03 09:30:00 US/Eastern
(MainThread) 190830_19:42:18.309 ERROR wrapper.py:56 ERROR 0 399 Order Message:
SELL 1 IBKR IEX
Warning: your order will not be placed at the exchange until 2019-09-03 09:30:00 US/Eastern
(MainThread) 190830_19:42:18.313 ERROR wrapper.py:56 ERROR 0 399 Order Message:
SELL 1 IBKR IEX
Warning: your order will not be placed at the exchange until 2019-09-03 09:30:00 US/Eastern
(MainThread) 190830_19:42:18.318 ERROR wrapper.py:56 ERROR -1 2104 Market data farm connection is OK:usfarm.nj
(MainThread) 190830_19:42:18.319 ERROR wrapper.py:56 ERROR 0 399 Order Message:
SELL 1 IBKR IEX
Warning: your order will not be placed at the exchange until 2019-09-03 09:30:00 US/Eastern
(MainThread) 190830_19:42:18.323 ERROR wrapper.py:56 ERROR 0 399 Order Message:
SELL 1 IBKR IEX
Warning: your order will not be placed at the exchange until 2019-09-03 09:30:00 US/Eastern
(MainThread) 190830_19:42:18.334 ERROR wrapper.py:56 ERROR 0 399 Order Message:
SELL 1 IBKR IEX
Warning: your order will not be placed at the exchange until 2019-09-03 09:30:00 US/Eastern
(MainThread) 190830_19:42:18.344 ERROR wrapper.py:56 ERROR 0 399 Order Message:
SELL 1 IBKR IEX
Warning: your order will not be placed at the exchange until 2019-09-03 09:30:00 US/Eastern
(MainThread) 190830_19:42:18.349 ERROR wrapper.py:56 ERROR 0 399 Order Message:
SELL 1 IBKR IEX
Warning: your order will not be placed at the exchange until 2019-09-03 09:30:00 US/Eastern
(MainThread) 190830_19:42:18.351 ERROR wrapper.py:56 ERROR 0 399 Order Message:
SELL 1 IBKR IEX
Warning: your order will not be placed at the exchange until 2019-09-03 09:30:00 US/Eastern
(MainThread) 190830_19:42:18.359 ERROR wrapper.py:56 ERROR 0 399 Order Message:
SELL 1 IBKR IEX
Warning: your order will not be placed at the exchange until 2019-09-03 09:30:00 US/Eastern
(MainThread) 190830_19:42:18.362 ERROR wrapper.py:56 ERROR 0 399 Order Message:
SELL 1 IBKR IEX
Warning: your order will not be placed at the exchange until 2019-09-03 09:30:00 US/Eastern
(MainThread) 190830_19:42:18.365 ERROR wrapper.py:56 ERROR 0 399 Order Message:
SELL 1 IBKR IEX
Warning: your order will not be placed at the exchange until 2019-09-03 09:30:00 US/Eastern
(MainThread) 190830_19:42:18.370 ERROR wrapper.py:56 ERROR 0 399 Order Message:
SELL 1 IBKR IEX
Warning: your order will not be placed at the exchange until 2019-09-03 09:30:00 US/Eastern
(MainThread) 190830_19:42:18.404 ERROR wrapper.py:56 ERROR 0 399 Order Message:
SELL 1 IBKR IEX
Warning: your order will not be placed at the exchange until 2019-09-03 09:30:00 US/Eastern
(MainThread) 190830_19:42:18.434 ERROR wrapper.py:56 ERROR 0 399 Order Message:
SELL 1 IBKR IEX
Warning: your order will not be placed at the exchange until 2019-09-03 09:30:00 US/Eastern
(MainThread) 190830_19:42:18.437 ERROR wrapper.py:56 ERROR 0 399 Order Message:
SELL 1 IBKR IEX
Warning: your order will not be placed at the exchange until 2019-09-03 09:30:00 US/Eastern
(MainThread) 190830_19:42:18.439 ERROR wrapper.py:56 ERROR 0 399 Order Message:
SELL 1 IBKR IEX
Warning: your order will not be placed at the exchange until 2019-09-03 09:30:00 US/Eastern
(MainThread) 190830_19:42:18.441 ERROR wrapper.py:56 ERROR 0 399 Order Message:
SELL 1 IBKR IEX
Warning: your order will not be placed at the exchange until 2019-09-03 09:30:00 US/Eastern
(MainThread) 190830_19:42:18.442 ERROR wrapper.py:56 ERROR 0 399 Order Message:
SELL 1 IBKR IEX
Warning: your order will not be placed at the exchange until 2019-09-03 09:30:00 US/Eastern
(MainThread) 190830_19:42:18.444 ERROR wrapper.py:56 ERROR 0 399 Order Message:
SELL 1 IBKR IEX
Warning: your order will not be placed at the exchange until 2019-09-03 09:30:00 US/Eastern
(MainThread) 190830_19:42:18.446 ERROR wrapper.py:56 ERROR 0 399 Order Message:
SELL 1 IBKR IEX
Warning: your order will not be placed at the exchange until 2019-09-03 09:30:00 US/Eastern
(MainThread) 190830_19:42:18.450 ERROR wrapper.py:56 ERROR 0 399 Order Message:
SELL 1 IBKR IEX
Warning: your order will not be placed at the exchange until 2019-09-03 09:30:00 US/Eastern
(MainThread) 190830_19:42:18.452 ERROR wrapper.py:56 ERROR 0 399 Order Message:
SELL 1 IBKR IEX
Warning: your order will not be placed at the exchange until 2019-09-03 09:30:00 US/Eastern
(MainThread) 190830_19:42:18.453 ERROR wrapper.py:56 ERROR 0 399 Order Message:
SELL 1 IBKR IEX
Warning: your order will not be placed at the exchange until 2019-09-03 09:30:00 US/Eastern
(MainThread) 190830_19:42:18.454 ERROR wrapper.py:56 ERROR 0 399 Order Message:
SELL 1 IBKR IEX
Warning: your order will not be placed at the exchange until 2019-09-03 09:30:00 US/Eastern
(MainThread) 190830_19:42:18.455 ERROR wrapper.py:56 ERROR 0 399 Order Message:
SELL 1 IBKR IEX
Warning: your order will not be placed at the exchange until 2019-09-03 09:30:00 US/Eastern
(MainThread) 190830_19:42:18.457 ERROR wrapper.py:56 ERROR 0 399 Order Message:
SELL 1 IBKR IEX
Warning: your order will not be placed at the exchange until 2019-09-03 09:30:00 US/Eastern
(MainThread) 190830_19:42:18.459 ERROR wrapper.py:56 ERROR 0 399 Order Message:
SELL 1 IBKR IEX
Warning: your order will not be placed at the exchange until 2019-09-03 09:30:00 US/Eastern
(MainThread) 190830_19:42:18.460 ERROR wrapper.py:56 ERROR 0 399 Order Message:
SELL 1 IBKR IEX
Warning: your order will not be placed at the exchange until 2019-09-03 09:30:00 US/Eastern
(MainThread) 190830_19:42:18.461 ERROR wrapper.py:56 ERROR 0 399 Order Message:
SELL 1 IBKR IEX
Warning: your order will not be placed at the exchange until 2019-09-03 09:30:00 US/Eastern
(MainThread) 190830_19:42:18.463 ERROR wrapper.py:56 ERROR 0 399 Order Message:
SELL 1 IBKR IEX
Warning: your order will not be placed at the exchange until 2019-09-03 09:30:00 US/Eastern
(MainThread) 190830_19:42:18.465 ERROR wrapper.py:56 ERROR 0 399 Order Message:
SELL 1 IBKR IEX
Warning: your order will not be placed at the exchange until 2019-09-03 09:30:00 US/Eastern
(MainThread) 190830_19:42:18.466 ERROR wrapper.py:56 ERROR 0 399 Order Message:
SELL 1 IBKR IEX
Warning: your order will not be placed at the exchange until 2019-09-03 09:30:00 US/Eastern
(MainThread) 190830_19:42:18.467 ERROR wrapper.py:56 ERROR 0 399 Order Message:
SELL 1 IBKR IEX
Warning: your order will not be placed at the exchange until 2019-09-03 09:30:00 US/Eastern
(MainThread) 190830_19:42:18.469 ERROR wrapper.py:56 ERROR 0 399 Order Message:
SELL 1 IBKR IEX
Warning: your order will not be placed at the exchange until 2019-09-03 09:30:00 US/Eastern
(MainThread) 190830_19:42:18.470 ERROR wrapper.py:56 ERROR 0 399 Order Message:
SELL 1 IBKR IEX
Warning: your order will not be placed at the exchange until 2019-09-03 09:30:00 US/Eastern
(MainThread) 190830_19:42:18.471 ERROR wrapper.py:56 ERROR 0 399 Order Message:
SELL 1 IBKR IEX
Warning: your order will not be placed at the exchange until 2019-09-03 09:30:00 US/Eastern
(MainThread) 190830_19:42:18.473 ERROR wrapper.py:56 ERROR 0 399 Order Message:
SELL 1 IBKR IEX
Warning: your order will not be placed at the exchange until 2019-09-03 09:30:00 US/Eastern
(MainThread) 190830_19:42:18.474 ERROR wrapper.py:56 ERROR 0 399 Order Message:
SELL 1 IBKR IEX
Warning: your order will not be placed at the exchange until 2019-09-03 09:30:00 US/Eastern
(MainThread) 190830_19:42:18.475 ERROR wrapper.py:56 ERROR 0 399 Order Message:
SELL 1 IBKR IEX
Warning: your order will not be placed at the exchange until 2019-09-03 09:30:00 US/Eastern
(MainThread) 190830_19:42:18.476 ERROR wrapper.py:56 ERROR 0 399 Order Message:
SELL 1 IBKR IEX
Warning: your order will not be placed at the exchange until 2019-09-03 09:30:00 US/Eastern
(MainThread) 190830_19:42:18.477 ERROR wrapper.py:56 ERROR 0 399 Order Message:
SELL 1 IBKR IEX
Warning: your order will not be placed at the exchange until 2019-09-03 09:30:00 US/Eastern
(MainThread) 190830_19:42:18.479 ERROR wrapper.py:56 ERROR 0 399 Order Message:
SELL 1 IBKR IEX
Warning: your order will not be placed at the exchange until 2019-09-03 09:30:00 US/Eastern
(MainThread) 190830_19:42:18.480 ERROR wrapper.py:56 ERROR 0 399 Order Message:
SELL 1 IBKR IEX
Warning: your order will not be placed at the exchange until 2019-09-03 09:30:00 US/Eastern
(MainThread) 190830_19:42:18.482 ERROR wrapper.py:56 ERROR 0 399 Order Message:
SELL 1 IBKR IEX
Warning: your order will not be placed at the exchange until 2019-09-03 09:30:00 US/Eastern
(MainThread) 190830_19:42:18.483 ERROR wrapper.py:56 ERROR 0 399 Order Message:
SELL 1 IBKR IEX
Warning: your order will not be placed at the exchange until 2019-09-03 09:30:00 US/Eastern
(MainThread) 190830_19:42:18.485 ERROR wrapper.py:56 ERROR 0 399 Order Message:
SELL 1 IBKR IEX
Warning: your order will not be placed at the exchange until 2019-09-03 09:30:00 US/Eastern
(MainThread) 190830_19:42:18.486 ERROR wrapper.py:56 ERROR 0 399 Order Message:
SELL 1 IBKR IEX
Warning: your order will not be placed at the exchange until 2019-09-03 09:30:00 US/Eastern
(MainThread) 190830_19:42:18.488 ERROR wrapper.py:56 ERROR 0 399 Order Message:
SELL 1 IBKR IEX
Warning: your order will not be placed at the exchange until 2019-09-03 09:30:00 US/Eastern
(MainThread) 190830_19:42:18.490 ERROR wrapper.py:56 ERROR 0 399 Order Message:
SELL 1 IBKR IEX
Warning: your order will not be placed at the exchange until 2019-09-03 09:30:00 US/Eastern
(MainThread) 190830_19:42:18.491 ERROR wrapper.py:56 ERROR 0 399 Order Message:
SELL 1 IBKR IEX
Warning: your order will not be placed at the exchange until 2019-09-03 09:30:00 US/Eastern
(MainThread) 190830_19:42:18.492 ERROR wrapper.py:56 ERROR 0 399 Order Message:
SELL 1 IBKR IEX
Warning: your order will not be placed at the exchange until 2019-09-03 09:30:00 US/Eastern
(MainThread) 190830_19:42:18.496 ERROR wrapper.py:56 ERROR 0 399 Order Message:
SELL 1 IBKR IEX
Warning: your order will not be placed at the exchange until 2019-09-03 09:30:00 US/Eastern
(MainThread) 190830_19:42:18.506 ERROR wrapper.py:56 ERROR 0 399 Order Message:
SELL 1 IBKR IEX
Warning: your order will not be placed at the exchange until 2019-09-03 09:30:00 US/Eastern
(MainThread) 190830_19:42:18.511 ERROR wrapper.py:56 ERROR 0 399 Order Message:
SELL 1 IBKR IEX
Warning: your order will not be placed at the exchange until 2019-09-03 09:30:00 US/Eastern
(MainThread) 190830_19:42:18.512 ERROR wrapper.py:56 ERROR 0 399 Order Message:
SELL 1 IBKR IEX
Warning: your order will not be placed at the exchange until 2019-09-03 09:30:00 US/Eastern
(MainThread) 190830_19:42:18.513 ERROR wrapper.py:56 ERROR 0 399 Order Message:
SELL 1 IBKR IEX
Warning: your order will not be placed at the exchange until 2019-09-03 09:30:00 US/Eastern
(MainThread) 190830_19:42:18.515 ERROR wrapper.py:56 ERROR -1 2105 HMDS data farm connection is broken:fundfarm
(MainThread) 190830_19:42:18.517 ERROR wrapper.py:56 ERROR 0 399 Order Message:
SELL 1 IBKR IEX
Warning: your order will not be placed at the exchange until 2019-09-03 09:30:00 US/Eastern
(MainThread) 190830_19:42:18.525 ERROR wrapper.py:56 ERROR 0 399 Order Message:
SELL 1 IBKR IEX
Warning: your order will not be placed at the exchange until 2019-09-03 09:30:00 US/Eastern
(MainThread) 190830_19:42:18.529 ERROR wrapper.py:56 ERROR 0 399 Order Message:
SELL 1 IBKR IEX
Warning: your order will not be placed at the exchange until 2019-09-03 09:30:00 US/Eastern
(MainThread) 190830_19:42:18.532 ERROR wrapper.py:56 ERROR 0 399 Order Message:
SELL 1 IBKR IEX
Warning: your order will not be placed at the exchange until 2019-09-03 09:30:00 US/Eastern
(MainThread) 190830_19:42:18.535 ERROR wrapper.py:56 ERROR 0 399 Order Message:
SELL 1 IBKR IEX
Warning: your order will not be placed at the exchange until 2019-09-03 09:30:00 US/Eastern
(MainThread) 190830_19:42:18.538 ERROR wrapper.py:56 ERROR 0 399 Order Message:
SELL 1 IBKR IEX
Warning: your order will not be placed at the exchange until 2019-09-03 09:30:00 US/Eastern
(MainThread) 190830_19:42:18.541 ERROR wrapper.py:56 ERROR 0 399 Order Message:
SELL 1 IBKR IEX
Warning: your order will not be placed at the exchange until 2019-09-03 09:30:00 US/Eastern
(MainThread) 190830_19:42:18.559 ERROR wrapper.py:56 ERROR 0 399 Order Message:
SELL 1 IBKR IEX
Warning: your order will not be placed at the exchange until 2019-09-03 09:30:00 US/Eastern
(MainThread) 190830_19:42:18.561 ERROR wrapper.py:56 ERROR 0 399 Order Message:
SELL 1 IBKR IEX
Warning: your order will not be placed at the exchange until 2019-09-03 09:30:00 US/Eastern
(MainThread) 190830_19:42:18.564 ERROR wrapper.py:56 ERROR 0 399 Order Message:
SELL 1 IBKR IEX
Warning: your order will not be placed at the exchange until 2019-09-03 09:30:00 US/Eastern
(MainThread) 190830_19:42:18.567 ERROR wrapper.py:56 ERROR 0 399 Order Message:
SELL 1 IBKR IEX
Warning: your order will not be placed at the exchange until 2019-09-03 09:30:00 US/Eastern
(MainThread) 190830_19:42:18.569 ERROR wrapper.py:56 ERROR 0 399 Order Message:
SELL 1 IBKR IEX
Warning: your order will not be placed at the exchange until 2019-09-03 09:30:00 US/Eastern
(MainThread) 190830_19:42:18.572 ERROR wrapper.py:56 ERROR 0 399 Order Message:
SELL 1 IBKR IEX
Warning: your order will not be placed at the exchange until 2019-09-03 09:30:00 US/Eastern
(MainThread) 190830_19:42:18.576 ERROR wrapper.py:56 ERROR 0 399 Order Message:
SELL 1 IBKR IEX
Warning: your order will not be placed at the exchange until 2019-09-03 09:30:00 US/Eastern
(MainThread) 190830_19:42:18.578 ERROR wrapper.py:56 ERROR 0 399 Order Message:
SELL 1 IBKR IEX
Warning: your order will not be placed at the exchange until 2019-09-03 09:30:00 US/Eastern
(MainThread) 190830_19:42:18.579 ERROR wrapper.py:56 ERROR 0 399 Order Message:
SELL 1 IBKR IEX
Warning: your order will not be placed at the exchange until 2019-09-03 09:30:00 US/Eastern
(MainThread) 190830_19:42:18.582 ERROR wrapper.py:56 ERROR 0 399 Order Message:
SELL 1 IBKR IEX
Warning: your order will not be placed at the exchange until 2019-09-03 09:30:00 US/Eastern
(MainThread) 190830_19:42:18.584 ERROR wrapper.py:56 ERROR 0 399 Order Message:
SELL 1 IBKR IEX
Warning: your order will not be placed at the exchange until 2019-09-03 09:30:00 US/Eastern
(MainThread) 190830_19:42:18.587 ERROR wrapper.py:56 ERROR 0 399 Order Message:
SELL 1 IBKR IEX
Warning: your order will not be placed at the exchange until 2019-09-03 09:30:00 US/Eastern
(MainThread) 190830_19:42:18.590 ERROR wrapper.py:56 ERROR 0 399 Order Message:
SELL 1 IBKR IEX
Warning: your order will not be placed at the exchange until 2019-09-03 09:30:00 US/Eastern
(MainThread) 190830_19:42:18.592 ERROR wrapper.py:56 ERROR 0 399 Order Message:
SELL 1 IBKR IEX
Warning: your order will not be placed at the exchange until 2019-09-03 09:30:00 US/Eastern
(MainThread) 190830_19:42:18.595 ERROR wrapper.py:56 ERROR 0 399 Order Message:
SELL 1 IBKR IEX
Warning: your order will not be placed at the exchange until 2019-09-03 09:30:00 US/Eastern
(MainThread) 190830_19:42:18.600 ERROR wrapper.py:56 ERROR 0 399 Order Message:
SELL 1 IBKR IEX
Warning: your order will not be placed at the exchange until 2019-09-03 09:30:00 US/Eastern
(MainThread) 190830_19:42:18.602 ERROR wrapper.py:56 ERROR 0 399 Order Message:
SELL 1 IBKR IEX
Warning: your order will not be placed at the exchange until 2019-09-03 09:30:00 US/Eastern
(MainThread) 190830_19:42:18.605 ERROR wrapper.py:56 ERROR 0 399 Order Message:
SELL 1 IBKR IEX
Warning: your order will not be placed at the exchange until 2019-09-03 09:30:00 US/Eastern
(MainThread) 190830_19:42:18.607 ERROR wrapper.py:56 ERROR 0 399 Order Message:
SELL 1 IBKR IEX
Warning: your order will not be placed at the exchange until 2019-09-03 09:30:00 US/Eastern
(MainThread) 190830_19:42:18.609 ERROR wrapper.py:56 ERROR 0 399 Order Message:
SELL 1 IBKR IEX
Warning: your order will not be placed at the exchange until 2019-09-03 09:30:00 US/Eastern
(MainThread) 190830_19:42:18.612 ERROR wrapper.py:56 ERROR 0 399 Order Message:
SELL 1 IBKR IEX
Warning: your order will not be placed at the exchange until 2019-09-03 09:30:00 US/Eastern
(MainThread) 190830_19:42:18.615 ERROR wrapper.py:56 ERROR 0 399 Order Message:
SELL 1 IBKR IEX
Warning: your order will not be placed at the exchange until 2019-09-03 09:30:00 US/Eastern
(MainThread) 190830_19:42:18.617 ERROR wrapper.py:56 ERROR 0 399 Order Message:
SELL 1 IBKR IEX
Warning: your order will not be placed at the exchange until 2019-09-03 09:30:00 US/Eastern
(MainThread) 190830_19:42:18.619 ERROR wrapper.py:56 ERROR 0 399 Order Message:
SELL 1 IBKR IEX
Warning: your order will not be placed at the exchange until 2019-09-03 09:30:00 US/Eastern
(MainThread) 190830_19:42:18.621 ERROR wrapper.py:56 ERROR 0 399 Order Message:
SELL 1 IBKR IEX
Warning: your order will not be placed at the exchange until 2019-09-03 09:30:00 US/Eastern
(MainThread) 190830_19:42:18.624 ERROR wrapper.py:56 ERROR 0 399 Order Message:
SELL 1 IBKR IEX
Warning: your order will not be placed at the exchange until 2019-09-03 09:30:00 US/Eastern
(MainThread) 190830_19:42:18.626 ERROR wrapper.py:56 ERROR 0 399 Order Message:
SELL 1 IBKR IEX
Warning: your order will not be placed at the exchange until 2019-09-03 09:30:00 US/Eastern
(MainThread) 190830_19:42:18.629 ERROR wrapper.py:56 ERROR 0 399 Order Message:
SELL 1 IBKR IEX
Warning: your order will not be placed at the exchange until 2019-09-03 09:30:00 US/Eastern
(MainThread) 190830_19:42:18.632 ERROR wrapper.py:56 ERROR 0 399 Order Message:
SELL 1 IBKR IEX
Warning: your order will not be placed at the exchange until 2019-09-03 09:30:00 US/Eastern
(MainThread) 190830_19:42:18.634 ERROR wrapper.py:56 ERROR 0 399 Order Message:
SELL 1 IBKR IEX
Warning: your order will not be placed at the exchange until 2019-09-03 09:30:00 US/Eastern
(MainThread) 190830_19:42:18.637 ERROR wrapper.py:56 ERROR 0 399 Order Message:
SELL 1 IBKR IEX
Warning: your order will not be placed at the exchange until 2019-09-03 09:30:00 US/Eastern
(MainThread) 190830_19:42:18.639 ERROR wrapper.py:56 ERROR 0 399 Order Message:
SELL 1 IBKR IEX
Warning: your order will not be placed at the exchange until 2019-09-03 09:30:00 US/Eastern
(MainThread) 190830_19:42:18.641 ERROR wrapper.py:56 ERROR 0 399 Order Message:
SELL 1 IBKR IEX
Warning: your order will not be placed at the exchange until 2019-09-03 09:30:00 US/Eastern
(MainThread) 190830_19:42:18.643 ERROR wrapper.py:56 ERROR 0 399 Order Message:
SELL 1 IBKR IEX
Warning: your order will not be placed at the exchange until 2019-09-03 09:30:00 US/Eastern
(MainThread) 190830_19:42:19.082 ERROR wrapper.py:56 ERROR -1 2104 Market data farm connection is OK:eufarm
(MainThread) 190830_19:42:19.284 ERROR wrapper.py:56 ERROR -1 2106 HMDS data farm connection is OK:fundfarm
(MainThread) 190830_19:42:19.285 ERROR wrapper.py:56 ERROR -1 2104 Market data farm connection is OK:hfarm
(MainThread) 190830_19:42:19.285 ERROR wrapper.py:56 ERROR 0 399 Order Message:
SELL 1 IBKR IEX
Warning: your order will not be placed at the exchange until 2019-09-03 09:30:00 US/Eastern
(MainThread) 190830_19:42:19.288 ERROR wrapper.py:56 ERROR 0 399 Order Message:
SELL 1 IBKR IEX
Warning: your order will not be placed at the exchange until 2019-09-03 09:30:00 US/Eastern
(MainThread) 190830_19:42:19.290 ERROR wrapper.py:56 ERROR 0 399 Order Message:
SELL 1 IBKR IEX
Warning: your order will not be placed at the exchange until 2019-09-03 09:30:00 US/Eastern
(MainThread) 190830_19:42:19.292 ERROR wrapper.py:56 ERROR 0 399 Order Message:
SELL 1 IBKR IEX
Warning: your order will not be placed at the exchange until 2019-09-03 09:30:00 US/Eastern
(MainThread) 190830_19:42:19.294 ERROR wrapper.py:56 ERROR 0 399 Order Message:
SELL 1 IBKR IEX
Warning: your order will not be placed at the exchange until 2019-09-03 09:30:00 US/Eastern
(MainThread) 190830_19:42:19.296 ERROR wrapper.py:56 ERROR 0 399 Order Message:
SELL 1 IBKR IEX
Warning: your order will not be placed at the exchange until 2019-09-03 09:30:00 US/Eastern
(MainThread) 190830_19:42:19.297 ERROR wrapper.py:56 ERROR 0 399 Order Message:
SELL 1 IBKR IEX
Warning: your order will not be placed at the exchange until 2019-09-03 09:30:00 US/Eastern
(MainThread) 190830_19:42:19.299 ERROR wrapper.py:56 ERROR 0 399 Order Message:
SELL 1 IBKR IEX
Warning: your order will not be placed at the exchange until 2019-09-03 09:30:00 US/Eastern
(MainThread) 190830_19:42:19.301 ERROR wrapper.py:56 ERROR 0 399 Order Message:
SELL 1 IBKR IEX
Warning: your order will not be placed at the exchange until 2019-09-03 09:30:00 US/Eastern
(MainThread) 190830_19:42:19.304 ERROR wrapper.py:56 ERROR 0 399 Order Message:
SELL 1 IBKR IEX
Warning: your order will not be placed at the exchange until 2019-09-03 09:30:00 US/Eastern
(MainThread) 190830_19:42:19.306 ERROR wrapper.py:56 ERROR 0 399 Order Message:
SELL 1 IBKR IEX
Warning: your order will not be placed at the exchange until 2019-09-03 09:30:00 US/Eastern
(MainThread) 190830_19:42:19.309 ERROR wrapper.py:56 ERROR 0 399 Order Message:
SELL 1 IBKR IEX
Warning: your order will not be placed at the exchange until 2019-09-03 09:30:00 US/Eastern
(MainThread) 190830_19:42:19.310 ERROR wrapper.py:56 ERROR 0 399 Order Message:
SELL 1 IBKR IEX
Warning: your order will not be placed at the exchange until 2019-09-03 09:30:00 US/Eastern
(MainThread) 190830_19:42:19.312 ERROR wrapper.py:56 ERROR 0 399 Order Message:
SELL 1 IBKR IEX
Warning: your order will not be placed at the exchange until 2019-09-03 09:30:00 US/Eastern
(MainThread) 190830_19:42:19.313 ERROR wrapper.py:56 ERROR 0 399 Order Message:
SELL 1 IBKR IEX
Warning: your order will not be placed at the exchange until 2019-09-03 09:30:00 US/Eastern
(MainThread) 190830_19:42:19.315 ERROR wrapper.py:56 ERROR 0 399 Order Message:
SELL 1 IBKR IEX
Warning: your order will not be placed at the exchange until 2019-09-03 09:30:00 US/Eastern
(MainThread) 190830_19:42:19.317 ERROR wrapper.py:56 ERROR 0 399 Order Message:
SELL 1 IBKR IEX
Warning: your order will not be placed at the exchange until 2019-09-03 09:30:00 US/Eastern
(MainThread) 190830_19:42:19.319 ERROR wrapper.py:56 ERROR 0 399 Order Message:
SELL 1 IBKR IEX
Warning: your order will not be placed at the exchange until 2019-09-03 09:30:00 US/Eastern
(MainThread) 190830_19:42:19.321 ERROR wrapper.py:56 ERROR 0 399 Order Message:
SELL 1 IBKR IEX
Warning: your order will not be placed at the exchange until 2019-09-03 09:30:00 US/Eastern
(MainThread) 190830_19:42:19.323 ERROR wrapper.py:56 ERROR 0 399 Order Message:
SELL 1 IBKR IEX
Warning: your order will not be placed at the exchange until 2019-09-03 09:30:00 US/Eastern
(MainThread) 190830_19:42:19.325 ERROR wrapper.py:56 ERROR 0 399 Order Message:
SELL 1 IBKR IEX
Warning: your order will not be placed at the exchange until 2019-09-03 09:30:00 US/Eastern
(MainThread) 190830_19:42:19.327 ERROR wrapper.py:56 ERROR 0 399 Order Message:
SELL 1 IBKR IEX
Warning: your order will not be placed at the exchange until 2019-09-03 09:30:00 US/Eastern
(MainThread) 190830_19:42:19.330 ERROR wrapper.py:56 ERROR 0 399 Order Message:
SELL 1 IBKR IEX
Warning: your order will not be placed at the exchange until 2019-09-03 09:30:00 US/Eastern
(MainThread) 190830_19:42:19.331 ERROR wrapper.py:56 ERROR 0 399 Order Message:
SELL 1 IBKR IEX
Warning: your order will not be placed at the exchange until 2019-09-03 09:30:00 US/Eastern
(MainThread) 190830_19:42:19.333 ERROR wrapper.py:56 ERROR 0 399 Order Message:
SELL 1 IBKR IEX
Warning: your order will not be placed at the exchange until 2019-09-03 09:30:00 US/Eastern
(MainThread) 190830_19:42:19.335 ERROR wrapper.py:56 ERROR 0 399 Order Message:
SELL 1 IBKR IEX
Warning: your order will not be placed at the exchange until 2019-09-03 09:30:00 US/Eastern
(MainThread) 190830_19:42:19.337 ERROR wrapper.py:56 ERROR 0 399 Order Message:
SELL 1 IBKR IEX
Warning: your order will not be placed at the exchange until 2019-09-03 09:30:00 US/Eastern
(MainThread) 190830_19:42:19.340 ERROR wrapper.py:56 ERROR 0 399 Order Message:
SELL 1 IBKR IEX
Warning: your order will not be placed at the exchange until 2019-09-03 09:30:00 US/Eastern
(MainThread) 190830_19:42:19.341 ERROR wrapper.py:56 ERROR 0 399 Order Message:
SELL 1 IBKR IEX
Warning: your order will not be placed at the exchange until 2019-09-03 09:30:00 US/Eastern
(MainThread) 190830_19:42:19.345 ERROR wrapper.py:56 ERROR 0 399 Order Message:
SELL 1 IBKR IEX
Warning: your order will not be placed at the exchange until 2019-09-03 09:30:00 US/Eastern
(MainThread) 190830_19:42:19.347 ERROR wrapper.py:56 ERROR 0 399 Order Message:
SELL 1 IBKR IEX
Warning: your order will not be placed at the exchange until 2019-09-03 09:30:00 US/Eastern
(MainThread) 190830_19:42:19.349 ERROR wrapper.py:56 ERROR 0 399 Order Message:
SELL 1 IBKR IEX
Warning: your order will not be placed at the exchange until 2019-09-03 09:30:00 US/Eastern
(MainThread) 190830_19:42:19.353 ERROR wrapper.py:56 ERROR 0 399 Order Message:
SELL 1 IBKR IEX
Warning: your order will not be placed at the exchange until 2019-09-03 09:30:00 US/Eastern
(MainThread) 190830_19:42:19.356 ERROR wrapper.py:56 ERROR 0 399 Order Message:
SELL 1 IBKR IEX
Warning: your order will not be placed at the exchange until 2019-09-03 09:30:00 US/Eastern
(MainThread) 190830_19:42:19.358 ERROR wrapper.py:56 ERROR 0 399 Order Message:
SELL 1 IBKR IEX
Warning: your order will not be placed at the exchange until 2019-09-03 09:30:00 US/Eastern
(MainThread) 190830_19:42:19.360 ERROR wrapper.py:56 ERROR 0 399 Order Message:
SELL 1 IBKR IEX
Warning: your order will not be placed at the exchange until 2019-09-03 09:30:00 US/Eastern
(MainThread) 190830_19:42:19.363 ERROR wrapper.py:56 ERROR 0 399 Order Message:
SELL 1 IBKR IEX
Warning: your order will not be placed at the exchange until 2019-09-03 09:30:00 US/Eastern
(MainThread) 190830_19:42:19.366 ERROR wrapper.py:56 ERROR 0 399 Order Message:
SELL 1 IBKR IEX
Warning: your order will not be placed at the exchange until 2019-09-03 09:30:00 US/Eastern
(MainThread) 190830_19:42:19.368 ERROR wrapper.py:56 ERROR 0 399 Order Message:
SELL 1 IBKR IEX
Warning: your order will not be placed at the exchange until 2019-09-03 09:30:00 US/Eastern
(MainThread) 190830_19:42:19.370 ERROR wrapper.py:56 ERROR 0 399 Order Message:
SELL 1 IBKR IEX
Warning: your order will not be placed at the exchange until 2019-09-03 09:30:00 US/Eastern
(MainThread) 190830_19:42:19.372 ERROR wrapper.py:56 ERROR 0 399 Order Message:
SELL 1 IBKR IEX
Warning: your order will not be placed at the exchange until 2019-09-03 09:30:00 US/Eastern
(MainThread) 190830_19:42:19.374 ERROR wrapper.py:56 ERROR 0 399 Order Message:
SELL 1 IBKR IEX
Warning: your order will not be placed at the exchange until 2019-09-03 09:30:00 US/Eastern
(MainThread) 190830_19:42:19.376 ERROR wrapper.py:56 ERROR 0 399 Order Message:
SELL 1 IBKR IEX
Warning: your order will not be placed at the exchange until 2019-09-03 09:30:00 US/Eastern
(MainThread) 190830_19:42:19.378 ERROR wrapper.py:56 ERROR 0 399 Order Message:
SELL 1 IBKR IEX
Warning: your order will not be placed at the exchange until 2019-09-03 09:30:00 US/Eastern
(MainThread) 190830_19:42:19.380 ERROR wrapper.py:56 ERROR 0 399 Order Message:
SELL 1 IBKR IEX
Warning: your order will not be placed at the exchange until 2019-09-03 09:30:00 US/Eastern
(MainThread) 190830_19:42:19.382 ERROR wrapper.py:56 ERROR 0 399 Order Message:
SELL 1 IBKR IEX
Warning: your order will not be placed at the exchange until 2019-09-03 09:30:00 US/Eastern
(MainThread) 190830_19:42:19.384 ERROR wrapper.py:56 ERROR 0 399 Order Message:
SELL 1 IBKR IEX
Warning: your order will not be placed at the exchange until 2019-09-03 09:30:00 US/Eastern
(MainThread) 190830_19:42:19.386 ERROR wrapper.py:56 ERROR 0 399 Order Message:
SELL 1 IBKR IEX
Warning: your order will not be placed at the exchange until 2019-09-03 09:30:00 US/Eastern
(MainThread) 190830_19:42:19.388 ERROR wrapper.py:56 ERROR 0 399 Order Message:
SELL 1 IBKR IEX
Warning: your order will not be placed at the exchange until 2019-09-03 09:30:00 US/Eastern
(MainThread) 190830_19:42:19.390 ERROR wrapper.py:56 ERROR 0 399 Order Message:
SELL 1 IBKR IEX
Warning: your order will not be placed at the exchange until 2019-09-03 09:30:00 US/Eastern
(MainThread) 190830_19:42:19.392 ERROR wrapper.py:56 ERROR 0 399 Order Message:
SELL 1 IBKR IEX
Warning: your order will not be placed at the exchange until 2019-09-03 09:30:00 US/Eastern
(MainThread) 190830_19:42:19.394 ERROR wrapper.py:56 ERROR 0 399 Order Message:
SELL 1 IBKR IEX
Warning: your order will not be placed at the exchange until 2019-09-03 09:30:00 US/Eastern
(MainThread) 190830_19:42:19.396 ERROR wrapper.py:56 ERROR 0 399 Order Message:
SELL 1 IBKR IEX
Warning: your order will not be placed at the exchange until 2019-09-03 09:30:00 US/Eastern
(MainThread) 190830_19:42:19.398 ERROR wrapper.py:56 ERROR 0 399 Order Message:
SELL 1 IBKR IEX
Warning: your order will not be placed at the exchange until 2019-09-03 09:30:00 US/Eastern
(MainThread) 190830_19:42:19.400 ERROR wrapper.py:56 ERROR 0 399 Order Message:
SELL 1 IBKR IEX
Warning: your order will not be placed at the exchange until 2019-09-03 09:30:00 US/Eastern
(MainThread) 190830_19:42:19.402 ERROR wrapper.py:56 ERROR 0 399 Order Message:
SELL 1 IBKR IEX
Warning: your order will not be placed at the exchange until 2019-09-03 09:30:00 US/Eastern
(MainThread) 190830_19:42:19.406 ERROR wrapper.py:56 ERROR 0 399 Order Message:
SELL 1 IBKR IEX
Warning: your order will not be placed at the exchange until 2019-09-03 09:30:00 US/Eastern
(MainThread) 190830_19:42:19.408 ERROR wrapper.py:56 ERROR 0 399 Order Message:
SELL 1 IBKR IEX
Warning: your order will not be placed at the exchange until 2019-09-03 09:30:00 US/Eastern
(MainThread) 190830_19:42:19.410 ERROR wrapper.py:56 ERROR 0 399 Order Message:
SELL 1 IBKR IEX
Warning: your order will not be placed at the exchange until 2019-09-03 09:30:00 US/Eastern
(MainThread) 190830_19:42:19.413 ERROR wrapper.py:56 ERROR 0 399 Order Message:
SELL 1 IBKR IEX
Warning: your order will not be placed at the exchange until 2019-09-03 09:30:00 US/Eastern
(MainThread) 190830_19:42:19.415 ERROR wrapper.py:56 ERROR 0 399 Order Message:
SELL 1 IBKR IEX
Warning: your order will not be placed at the exchange until 2019-09-03 09:30:00 US/Eastern
(MainThread) 190830_19:42:19.417 ERROR wrapper.py:56 ERROR 0 399 Order Message:
SELL 1 IBKR IEX
Warning: your order will not be placed at the exchange until 2019-09-03 09:30:00 US/Eastern
(MainThread) 190830_19:42:19.422 ERROR wrapper.py:56 ERROR 0 399 Order Message:
SELL 1 IBKR IEX
Warning: your order will not be placed at the exchange until 2019-09-03 09:30:00 US/Eastern
(MainThread) 190830_19:42:19.424 ERROR wrapper.py:56 ERROR 0 399 Order Message:
SELL 1 IBKR IEX
Warning: your order will not be placed at the exchange until 2019-09-03 09:30:00 US/Eastern
(MainThread) 190830_19:42:19.427 ERROR wrapper.py:56 ERROR 0 399 Order Message:
SELL 1 IBKR IEX
Warning: your order will not be placed at the exchange until 2019-09-03 09:30:00 US/Eastern
(MainThread) 190830_19:42:19.429 ERROR wrapper.py:56 ERROR 0 399 Order Message:
SELL 1 IBKR IEX
Warning: your order will not be placed at the exchange until 2019-09-03 09:30:00 US/Eastern
(MainThread) 190830_19:42:19.432 ERROR wrapper.py:56 ERROR 0 399 Order Message:
SELL 1 IBKR IEX
Warning: your order will not be placed at the exchange until 2019-09-03 09:30:00 US/Eastern
(MainThread) 190830_19:42:19.434 ERROR wrapper.py:56 ERROR 0 399 Order Message:
SELL 1 IBKR IEX
Warning: your order will not be placed at the exchange until 2019-09-03 09:30:00 US/Eastern
(MainThread) 190830_19:42:19.436 ERROR wrapper.py:56 ERROR 0 399 Order Message:
SELL 1 IBKR IEX
Warning: your order will not be placed at the exchange until 2019-09-03 09:30:00 US/Eastern
(MainThread) 190830_19:42:19.439 ERROR wrapper.py:56 ERROR 0 399 Order Message:
SELL 1 IBKR IEX
Warning: your order will not be placed at the exchange until 2019-09-03 09:30:00 US/Eastern
(MainThread) 190830_19:42:19.440 ERROR wrapper.py:56 ERROR 0 399 Order Message:
SELL 1 IBKR IEX
Warning: your order will not be placed at the exchange until 2019-09-03 09:30:00 US/Eastern
(MainThread) 190830_19:42:19.442 ERROR wrapper.py:56 ERROR 0 399 Order Message:
SELL 1 IBKR IEX
Warning: your order will not be placed at the exchange until 2019-09-03 09:30:00 US/Eastern
(MainThread) 190830_19:42:19.444 ERROR wrapper.py:56 ERROR 0 399 Order Message:
SELL 1 IBKR IEX
Warning: your order will not be placed at the exchange until 2019-09-03 09:30:00 US/Eastern
(MainThread) 190830_19:42:19.446 ERROR wrapper.py:56 ERROR 0 399 Order Message:
SELL 1 IBKR IEX
Warning: your order will not be placed at the exchange until 2019-09-03 09:30:00 US/Eastern
(MainThread) 190830_19:42:19.448 ERROR wrapper.py:56 ERROR 0 399 Order Message:
SELL 1 IBKR IEX
Warning: your order will not be placed at the exchange until 2019-09-03 09:30:00 US/Eastern
(MainThread) 190830_19:42:19.450 ERROR wrapper.py:56 ERROR 0 399 Order Message:
SELL 1 IBKR IEX
Warning: your order will not be placed at the exchange until 2019-09-03 09:30:00 US/Eastern
(MainThread) 190830_19:42:19.452 ERROR wrapper.py:56 ERROR 0 399 Order Message:
SELL 1 IBKR IEX
Warning: your order will not be placed at the exchange until 2019-09-03 09:30:00 US/Eastern
(MainThread) 190830_19:42:19.455 ERROR wrapper.py:56 ERROR 0 399 Order Message:
SELL 1 IBKR IEX
Warning: your order will not be placed at the exchange until 2019-09-03 09:30:00 US/Eastern
(MainThread) 190830_19:42:19.457 ERROR wrapper.py:56 ERROR 0 399 Order Message:
SELL 1 IBKR IEX
Warning: your order will not be placed at the exchange until 2019-09-03 09:30:00 US/Eastern
(MainThread) 190830_19:42:19.459 ERROR wrapper.py:56 ERROR 0 399 Order Message:
SELL 1 IBKR IEX
Warning: your order will not be placed at the exchange until 2019-09-03 09:30:00 US/Eastern
(MainThread) 190830_19:42:19.461 ERROR wrapper.py:56 ERROR 0 399 Order Message:
SELL 1 IBKR IEX
Warning: your order will not be placed at the exchange until 2019-09-03 09:30:00 US/Eastern
(MainThread) 190830_19:42:19.463 ERROR wrapper.py:56 ERROR 0 399 Order Message:
SELL 1 IBKR IEX
Warning: your order will not be placed at the exchange until 2019-09-03 09:30:00 US/Eastern
(MainThread) 190830_19:42:19.465 ERROR wrapper.py:56 ERROR 0 399 Order Message:
SELL 1 IBKR IEX
Warning: your order will not be placed at the exchange until 2019-09-03 09:30:00 US/Eastern
(MainThread) 190830_19:42:19.467 ERROR wrapper.py:56 ERROR 0 399 Order Message:
SELL 1 IBKR IEX
Warning: your order will not be placed at the exchange until 2019-09-03 09:30:00 US/Eastern
(MainThread) 190830_19:42:19.469 ERROR wrapper.py:56 ERROR 0 399 Order Message:
SELL 1 IBKR IEX
Warning: your order will not be placed at the exchange until 2019-09-03 09:30:00 US/Eastern
(MainThread) 190830_19:42:19.471 ERROR wrapper.py:56 ERROR 0 399 Order Message:
SELL 1 IBKR IEX
Warning: your order will not be placed at the exchange until 2019-09-03 09:30:00 US/Eastern
(MainThread) 190830_19:42:19.474 ERROR wrapper.py:56 ERROR 0 399 Order Message:
SELL 1 IBKR IEX
Warning: your order will not be placed at the exchange until 2019-09-03 09:30:00 US/Eastern
(MainThread) 190830_19:42:19.476 ERROR wrapper.py:56 ERROR 0 399 Order Message:
SELL 1 IBKR IEX
Warning: your order will not be placed at the exchange until 2019-09-03 09:30:00 US/Eastern
(MainThread) 190830_19:42:19.478 ERROR wrapper.py:56 ERROR 0 399 Order Message:
SELL 1 IBKR IEX
Warning: your order will not be placed at the exchange until 2019-09-03 09:30:00 US/Eastern
(MainThread) 190830_19:42:19.481 ERROR wrapper.py:56 ERROR 0 399 Order Message:
SELL 1 IBKR IEX
Warning: your order will not be placed at the exchange until 2019-09-03 09:30:00 US/Eastern
(MainThread) 190830_19:42:19.483 ERROR wrapper.py:56 ERROR 0 399 Order Message:
SELL 1 IBKR IEX
Warning: your order will not be placed at the exchange until 2019-09-03 09:30:00 US/Eastern
(MainThread) 190830_19:42:19.485 ERROR wrapper.py:56 ERROR 0 399 Order Message:
SELL 1 IBKR IEX
Warning: your order will not be placed at the exchange until 2019-09-03 09:30:00 US/Eastern
(MainThread) 190830_19:42:19.494 ERROR wrapper.py:56 ERROR 0 399 Order Message:
SELL 1 IBKR IEX
Warning: your order will not be placed at the exchange until 2019-09-03 09:30:00 US/Eastern
(MainThread) 190830_19:42:19.496 ERROR wrapper.py:56 ERROR 0 399 Order Message:
SELL 1 IBKR IEX
Warning: your order will not be placed at the exchange until 2019-09-03 09:30:00 US/Eastern
(MainThread) 190830_19:42:19.499 ERROR wrapper.py:56 ERROR 0 399 Order Message:
SELL 1 IBKR IEX
Warning: your order will not be placed at the exchange until 2019-09-03 09:30:00 US/Eastern
(MainThread) 190830_19:42:19.502 ERROR wrapper.py:56 ERROR 0 399 Order Message:
SELL 1 IBKR IEX
Warning: your order will not be placed at the exchange until 2019-09-03 09:30:00 US/Eastern
(MainThread) 190830_19:42:19.505 ERROR wrapper.py:56 ERROR 0 399 Order Message:
SELL 1 IBKR IEX
Warning: your order will not be placed at the exchange until 2019-09-03 09:30:00 US/Eastern
(MainThread) 190830_19:42:19.508 ERROR wrapper.py:56 ERROR 0 399 Order Message:
SELL 1 IBKR IEX
Warning: your order will not be placed at the exchange until 2019-09-03 09:30:00 US/Eastern
(MainThread) 190830_19:42:19.511 ERROR wrapper.py:56 ERROR 0 399 Order Message:
SELL 1 IBKR IEX
Warning: your order will not be placed at the exchange until 2019-09-03 09:30:00 US/Eastern
(MainThread) 190830_19:42:19.513 ERROR wrapper.py:56 ERROR 0 399 Order Message:
SELL 1 IBKR IEX
Warning: your order will not be placed at the exchange until 2019-09-03 09:30:00 US/Eastern
(MainThread) 190830_19:42:19.538 ERROR wrapper.py:56 ERROR 0 399 Order Message:
SELL 1 IBKR IEX
Warning: your order will not be placed at the exchange until 2019-09-03 09:30:00 US/Eastern
(MainThread) 190830_19:42:19.543 ERROR wrapper.py:56 ERROR 0 399 Order Message:
SELL 1 IBKR IEX
Warning: your order will not be placed at the exchange until 2019-09-03 09:30:00 US/Eastern
(MainThread) 190830_19:42:19.544 ERROR wrapper.py:56 ERROR 0 399 Order Message:
SELL 1 IBKR IEX
Warning: your order will not be placed at the exchange until 2019-09-03 09:30:00 US/Eastern
(MainThread) 190830_19:42:19.545 ERROR wrapper.py:56 ERROR 0 399 Order Message:
SELL 1 IBKR IEX
Warning: your order will not be placed at the exchange until 2019-09-03 09:30:00 US/Eastern
(MainThread) 190830_19:42:19.547 ERROR wrapper.py:56 ERROR 0 399 Order Message:
SELL 1 IBKR IEX
Warning: your order will not be placed at the exchange until 2019-09-03 09:30:00 US/Eastern
(MainThread) 190830_19:42:19.549 ERROR wrapper.py:56 ERROR 0 399 Order Message:
SELL 1 IBKR IEX
Warning: your order will not be placed at the exchange until 2019-09-03 09:30:00 US/Eastern
(MainThread) 190830_19:42:19.551 ERROR wrapper.py:56 ERROR 0 399 Order Message:
SELL 1 IBKR IEX
Warning: your order will not be placed at the exchange until 2019-09-03 09:30:00 US/Eastern
(MainThread) 190830_19:42:19.553 ERROR wrapper.py:56 ERROR 0 399 Order Message:
SELL 1 IBKR IEX
Warning: your order will not be placed at the exchange until 2019-09-03 09:30:00 US/Eastern
(MainThread) 190830_19:42:19.556 ERROR wrapper.py:56 ERROR 0 399 Order Message:
SELL 1 IBKR IEX
Warning: your order will not be placed at the exchange until 2019-09-03 09:30:00 US/Eastern
(MainThread) 190830_19:42:19.558 ERROR wrapper.py:56 ERROR 0 399 Order Message:
SELL 1 IBKR IEX
Warning: your order will not be placed at the exchange until 2019-09-03 09:30:00 US/Eastern
(MainThread) 190830_19:42:19.560 ERROR wrapper.py:56 ERROR 0 399 Order Message:
SELL 1 IBKR IEX
Warning: your order will not be placed at the exchange until 2019-09-03 09:30:00 US/Eastern
(MainThread) 190830_19:42:19.563 ERROR wrapper.py:56 ERROR 0 399 Order Message:
SELL 1 IBKR IEX
Warning: your order will not be placed at the exchange until 2019-09-03 09:30:00 US/Eastern
(MainThread) 190830_19:42:19.566 ERROR wrapper.py:56 ERROR 0 399 Order Message:
SELL 1 IBKR IEX
Warning: your order will not be placed at the exchange until 2019-09-03 09:30:00 US/Eastern
(MainThread) 190830_19:42:19.568 ERROR wrapper.py:56 ERROR 0 399 Order Message:
SELL 1 IBKR IEX
Warning: your order will not be placed at the exchange until 2019-09-03 09:30:00 US/Eastern
(MainThread) 190830_19:42:19.572 ERROR wrapper.py:56 ERROR 0 399 Order Message:
SELL 1 IBKR IEX
Warning: your order will not be placed at the exchange until 2019-09-03 09:30:00 US/Eastern
(MainThread) 190830_19:42:19.574 ERROR wrapper.py:56 ERROR 0 399 Order Message:
SELL 1 IBKR IEX
Warning: your order will not be placed at the exchange until 2019-09-03 09:30:00 US/Eastern
(MainThread) 190830_19:42:19.576 ERROR wrapper.py:56 ERROR 0 399 Order Message:
SELL 1 IBKR IEX
Warning: your order will not be placed at the exchange until 2019-09-03 09:30:00 US/Eastern
(MainThread) 190830_19:42:19.578 ERROR wrapper.py:56 ERROR 0 399 Order Message:
SELL 1 IBKR IEX
Warning: your order will not be placed at the exchange until 2019-09-03 09:30:00 US/Eastern
(MainThread) 190830_19:42:19.580 ERROR wrapper.py:56 ERROR 0 399 Order Message:
SELL 1 IBKR IEX
Warning: your order will not be placed at the exchange until 2019-09-03 09:30:00 US/Eastern
(MainThread) 190830_19:42:19.582 ERROR wrapper.py:56 ERROR 0 399 Order Message:
SELL 1 IBKR IEX
Warning: your order will not be placed at the exchange until 2019-09-03 09:30:00 US/Eastern
(MainThread) 190830_19:42:19.585 ERROR wrapper.py:56 ERROR 0 399 Order Message:
SELL 1 IBKR IEX
Warning: your order will not be placed at the exchange until 2019-09-03 09:30:00 US/Eastern
(MainThread) 190830_19:42:19.587 ERROR wrapper.py:56 ERROR 0 399 Order Message:
SELL 1 IBKR IEX
Warning: your order will not be placed at the exchange until 2019-09-03 09:30:00 US/Eastern
(MainThread) 190830_19:42:19.590 ERROR wrapper.py:56 ERROR 0 399 Order Message:
SELL 1 IBKR IEX
Warning: your order will not be placed at the exchange until 2019-09-03 09:30:00 US/Eastern
(MainThread) 190830_19:42:19.592 ERROR wrapper.py:56 ERROR 0 399 Order Message:
SELL 1 IBKR IEX
Warning: your order will not be placed at the exchange until 2019-09-03 09:30:00 US/Eastern
(MainThread) 190830_19:42:19.595 ERROR wrapper.py:56 ERROR 0 399 Order Message:
SELL 1 IBKR IEX
Warning: your order will not be placed at the exchange until 2019-09-03 09:30:00 US/Eastern
(MainThread) 190830_19:42:19.598 ERROR wrapper.py:56 ERROR 0 399 Order Message:
SELL 1 IBKR IEX
Warning: your order will not be placed at the exchange until 2019-09-03 09:30:00 US/Eastern
(MainThread) 190830_19:42:19.638 ERROR wrapper.py:56 ERROR 0 399 Order Message:
SELL 1 IBKR IEX
Warning: your order will not be placed at the exchange until 2019-09-03 09:30:00 US/Eastern
(MainThread) 190830_19:42:19.642 ERROR wrapper.py:56 ERROR 0 399 Order Message:
SELL 1 IBKR IEX
Warning: your order will not be placed at the exchange until 2019-09-03 09:30:00 US/Eastern
(MainThread) 190830_19:42:19.645 ERROR wrapper.py:56 ERROR 0 399 Order Message:
SELL 1 IBKR IEX
Warning: your order will not be placed at the exchange until 2019-09-03 09:30:00 US/Eastern
(MainThread) 190830_19:42:19.648 ERROR wrapper.py:56 ERROR 0 399 Order Message:
SELL 1 IBKR IEX
Warning: your order will not be placed at the exchange until 2019-09-03 09:30:00 US/Eastern
(MainThread) 190830_19:42:19.650 ERROR wrapper.py:56 ERROR 0 399 Order Message:
SELL 1 IBKR IEX
Warning: your order will not be placed at the exchange until 2019-09-03 09:30:00 US/Eastern
(MainThread) 190830_19:42:19.654 ERROR wrapper.py:56 ERROR 0 399 Order Message:
SELL 1 IBKR IEX
Warning: your order will not be placed at the exchange until 2019-09-03 09:30:00 US/Eastern
(MainThread) 190830_19:42:19.655 ERROR wrapper.py:56 ERROR 0 399 Order Message:
SELL 1 IBKR IEX
Warning: your order will not be placed at the exchange until 2019-09-03 09:30:00 US/Eastern
(MainThread) 190830_19:42:19.657 ERROR wrapper.py:56 ERROR 0 399 Order Message:
SELL 1 IBKR IEX
Warning: your order will not be placed at the exchange until 2019-09-03 09:30:00 US/Eastern
(MainThread) 190830_19:42:19.658 ERROR wrapper.py:56 ERROR 0 399 Order Message:
SELL 1 IBKR IEX
Warning: your order will not be placed at the exchange until 2019-09-03 09:30:00 US/Eastern
(MainThread) 190830_19:42:19.660 ERROR wrapper.py:56 ERROR 0 399 Order Message:
SELL 1 IBKR IEX
Warning: your order will not be placed at the exchange until 2019-09-03 09:30:00 US/Eastern
(MainThread) 190830_19:42:19.661 ERROR wrapper.py:56 ERROR 0 399 Order Message:
SELL 1 IBKR IEX
Warning: your order will not be placed at the exchange until 2019-09-03 09:30:00 US/Eastern
(MainThread) 190830_19:42:19.663 ERROR wrapper.py:56 ERROR 0 399 Order Message:
SELL 1 IBKR IEX
Warning: your order will not be placed at the exchange until 2019-09-03 09:30:00 US/Eastern
(MainThread) 190830_19:42:19.664 ERROR wrapper.py:56 ERROR 0 399 Order Message:
SELL 1 IBKR IEX
Warning: your order will not be placed at the exchange until 2019-09-03 09:30:00 US/Eastern
(MainThread) 190830_19:42:19.666 ERROR wrapper.py:56 ERROR 0 399 Order Message:
SELL 1 IBKR IEX
Warning: your order will not be placed at the exchange until 2019-09-03 09:30:00 US/Eastern
(MainThread) 190830_19:42:19.670 ERROR wrapper.py:56 ERROR 0 399 Order Message:
SELL 1 IBKR IEX
Warning: your order will not be placed at the exchange until 2019-09-03 09:30:00 US/Eastern
(MainThread) 190830_19:42:19.674 ERROR wrapper.py:56 ERROR 0 399 Order Message:
SELL 1 IBKR IEX
Warning: your order will not be placed at the exchange until 2019-09-03 09:30:00 US/Eastern
(MainThread) 190830_19:42:19.677 ERROR wrapper.py:56 ERROR 0 399 Order Message:
SELL 1 IBKR IEX
Warning: your order will not be placed at the exchange until 2019-09-03 09:30:00 US/Eastern
(MainThread) 190830_19:42:19.679 ERROR wrapper.py:56 ERROR 0 399 Order Message:
SELL 1 IBKR IEX
Warning: your order will not be placed at the exchange until 2019-09-03 09:30:00 US/Eastern
(MainThread) 190830_19:42:19.682 ERROR wrapper.py:56 ERROR 0 399 Order Message:
SELL 1 IBKR IEX
Warning: your order will not be placed at the exchange until 2019-09-03 09:30:00 US/Eastern
(MainThread) 190830_19:42:19.684 ERROR wrapper.py:56 ERROR 0 399 Order Message:
SELL 1 IBKR IEX
Warning: your order will not be placed at the exchange until 2019-09-03 09:30:00 US/Eastern
(MainThread) 190830_19:42:19.687 ERROR wrapper.py:56 ERROR 0 399 Order Message:
SELL 1 IBKR IEX
Warning: your order will not be placed at the exchange until 2019-09-03 09:30:00 US/Eastern
(MainThread) 190830_19:42:19.690 ERROR wrapper.py:56 ERROR 0 399 Order Message:
SELL 1 IBKR IEX
Warning: your order will not be placed at the exchange until 2019-09-03 09:30:00 US/Eastern
(MainThread) 190830_19:42:19.694 ERROR wrapper.py:56 ERROR 0 399 Order Message:
SELL 1 IBKR IEX
Warning: your order will not be placed at the exchange until 2019-09-03 09:30:00 US/Eastern
(MainThread) 190830_19:42:19.698 ERROR wrapper.py:56 ERROR 0 399 Order Message:
SELL 1 IBKR IEX
Warning: your order will not be placed at the exchange until 2019-09-03 09:30:00 US/Eastern
(MainThread) 190830_19:42:19.701 ERROR wrapper.py:56 ERROR 0 399 Order Message:
SELL 1 IBKR IEX
Warning: your order will not be placed at the exchange until 2019-09-03 09:30:00 US/Eastern
(MainThread) 190830_19:42:19.702 ERROR wrapper.py:56 ERROR 0 399 Order Message:
SELL 1 IBKR IEX
Warning: your order will not be placed at the exchange until 2019-09-03 09:30:00 US/Eastern
(MainThread) 190830_19:42:19.706 ERROR wrapper.py:56 ERROR 0 399 Order Message:
SELL 1 IBKR IEX
Warning: your order will not be placed at the exchange until 2019-09-03 09:30:00 US/Eastern
(MainThread) 190830_19:42:19.709 ERROR wrapper.py:56 ERROR 0 399 Order Message:
SELL 1 IBKR IEX
Warning: your order will not be placed at the exchange until 2019-09-03 09:30:00 US/Eastern
(MainThread) 190830_19:42:19.712 ERROR wrapper.py:56 ERROR 0 399 Order Message:
SELL 1 IBKR IEX
Warning: your order will not be placed at the exchange until 2019-09-03 09:30:00 US/Eastern
(MainThread) 190830_19:42:19.716 ERROR wrapper.py:56 ERROR 0 399 Order Message:
SELL 1 IBKR IEX
Warning: your order will not be placed at the exchange until 2019-09-03 09:30:00 US/Eastern
(MainThread) 190830_19:42:19.719 ERROR wrapper.py:56 ERROR 0 399 Order Message:
SELL 1 IBKR IEX
Warning: your order will not be placed at the exchange until 2019-09-03 09:30:00 US/Eastern
(MainThread) 190830_19:42:19.722 ERROR wrapper.py:56 ERROR 0 399 Order Message:
SELL 1 IBKR IEX
Warning: your order will not be placed at the exchange until 2019-09-03 09:30:00 US/Eastern
(MainThread) 190830_19:42:19.724 ERROR wrapper.py:56 ERROR 0 399 Order Message:
SELL 1 IBKR IEX
Warning: your order will not be placed at the exchange until 2019-09-03 09:30:00 US/Eastern
(MainThread) 190830_19:42:19.728 ERROR wrapper.py:56 ERROR 0 399 Order Message:
SELL 1 IBKR IEX
Warning: your order will not be placed at the exchange until 2019-09-03 09:30:00 US/Eastern
(MainThread) 190830_19:42:19.733 ERROR wrapper.py:56 ERROR 0 399 Order Message:
SELL 1 IBKR IEX
Warning: your order will not be placed at the exchange until 2019-09-03 09:30:00 US/Eastern
(MainThread) 190830_19:42:19.736 ERROR wrapper.py:56 ERROR 0 399 Order Message:
SELL 1 IBKR IEX
Warning: your order will not be placed at the exchange until 2019-09-03 09:30:00 US/Eastern
(MainThread) 190830_19:42:19.739 ERROR wrapper.py:56 ERROR 0 399 Order Message:
SELL 1 IBKR IEX
Warning: your order will not be placed at the exchange until 2019-09-03 09:30:00 US/Eastern
(MainThread) 190830_19:42:19.742 ERROR wrapper.py:56 ERROR 0 399 Order Message:
SELL 1 IBKR IEX
Warning: your order will not be placed at the exchange until 2019-09-03 09:30:00 US/Eastern
(MainThread) 190830_19:42:19.744 ERROR wrapper.py:56 ERROR 0 399 Order Message:
SELL 1 IBKR IEX
Warning: your order will not be placed at the exchange until 2019-09-03 09:30:00 US/Eastern
(MainThread) 190830_19:42:19.747 ERROR wrapper.py:56 ERROR 0 399 Order Message:
SELL 1 IBKR IEX
Warning: your order will not be placed at the exchange until 2019-09-03 09:30:00 US/Eastern
(MainThread) 190830_19:42:19.751 ERROR wrapper.py:56 ERROR 0 399 Order Message:
SELL 1 IBKR IEX
Warning: your order will not be placed at the exchange until 2019-09-03 09:30:00 US/Eastern
(MainThread) 190830_19:42:19.758 ERROR wrapper.py:56 ERROR 0 399 Order Message:
SELL 1 IBKR IEX
Warning: your order will not be placed at the exchange until 2019-09-03 09:30:00 US/Eastern
(MainThread) 190830_19:42:19.761 ERROR wrapper.py:56 ERROR 0 399 Order Message:
SELL 1 IBKR IEX
Warning: your order will not be placed at the exchange until 2019-09-03 09:30:00 US/Eastern
(MainThread) 190830_19:42:19.764 ERROR wrapper.py:56 ERROR 0 399 Order Message:
SELL 1 IBKR IEX
Warning: your order will not be placed at the exchange until 2019-09-03 09:30:00 US/Eastern
(MainThread) 190830_19:42:19.767 ERROR wrapper.py:56 ERROR 0 399 Order Message:
SELL 1 IBKR IEX
Warning: your order will not be placed at the exchange until 2019-09-03 09:30:00 US/Eastern
(MainThread) 190830_19:42:19.769 ERROR wrapper.py:56 ERROR 0 399 Order Message:
SELL 1 IBKR IEX
Warning: your order will not be placed at the exchange until 2019-09-03 09:30:00 US/Eastern
(MainThread) 190830_19:42:19.772 ERROR wrapper.py:56 ERROR 0 399 Order Message:
SELL 1 IBKR IEX
Warning: your order will not be placed at the exchange until 2019-09-03 09:30:00 US/Eastern
(MainThread) 190830_19:42:19.776 ERROR wrapper.py:56 ERROR 0 399 Order Message:
SELL 1 IBKR IEX
Warning: your order will not be placed at the exchange until 2019-09-03 09:30:00 US/Eastern
(MainThread) 190830_19:42:19.778 ERROR wrapper.py:56 ERROR 0 399 Order Message:
SELL 1 IBKR IEX
Warning: your order will not be placed at the exchange until 2019-09-03 09:30:00 US/Eastern
(MainThread) 190830_19:42:19.780 ERROR wrapper.py:56 ERROR 0 399 Order Message:
SELL 1 IBKR IEX
Warning: your order will not be placed at the exchange until 2019-09-03 09:30:00 US/Eastern
(MainThread) 190830_19:42:19.783 ERROR wrapper.py:56 ERROR 0 399 Order Message:
SELL 1 IBKR IEX
Warning: your order will not be placed at the exchange until 2019-09-03 09:30:00 US/Eastern
(MainThread) 190830_19:42:19.786 ERROR wrapper.py:56 ERROR 0 399 Order Message:
SELL 1 IBKR IEX
Warning: your order will not be placed at the exchange until 2019-09-03 09:30:00 US/Eastern
(MainThread) 190830_19:42:19.788 ERROR wrapper.py:56 ERROR 0 399 Order Message:
SELL 1 IBKR IEX
Warning: your order will not be placed at the exchange until 2019-09-03 09:30:00 US/Eastern
(MainThread) 190830_19:42:19.791 ERROR wrapper.py:56 ERROR 0 399 Order Message:
SELL 1 IBKR IEX
Warning: your order will not be placed at the exchange until 2019-09-03 09:30:00 US/Eastern
(MainThread) 190830_19:42:19.793 ERROR wrapper.py:56 ERROR 0 399 Order Message:
SELL 1 IBKR IEX
Warning: your order will not be placed at the exchange until 2019-09-03 09:30:00 US/Eastern
(MainThread) 190830_19:42:19.795 ERROR wrapper.py:56 ERROR 0 399 Order Message:
SELL 1 IBKR IEX
Warning: your order will not be placed at the exchange until 2019-09-03 09:30:00 US/Eastern
(MainThread) 190830_19:42:19.797 ERROR wrapper.py:56 ERROR 0 399 Order Message:
SELL 1 IBKR IEX
Warning: your order will not be placed at the exchange until 2019-09-03 09:30:00 US/Eastern
(MainThread) 190830_19:42:19.800 ERROR wrapper.py:56 ERROR 0 399 Order Message:
SELL 1 IBKR IEX
Warning: your order will not be placed at the exchange until 2019-09-03 09:30:00 US/Eastern
(MainThread) 190830_19:42:19.802 ERROR wrapper.py:56 ERROR 0 399 Order Message:
SELL 1 IBKR IEX
Warning: your order will not be placed at the exchange until 2019-09-03 09:30:00 US/Eastern
(MainThread) 190830_19:42:19.805 ERROR wrapper.py:56 ERROR 0 399 Order Message:
SELL 1 IBKR IEX
Warning: your order will not be placed at the exchange until 2019-09-03 09:30:00 US/Eastern
(MainThread) 190830_19:42:19.807 ERROR wrapper.py:56 ERROR 0 399 Order Message:
SELL 1 IBKR IEX
Warning: your order will not be placed at the exchange until 2019-09-03 09:30:00 US/Eastern
(MainThread) 190830_19:42:19.809 ERROR wrapper.py:56 ERROR 0 399 Order Message:
SELL 1 IBKR IEX
Warning: your order will not be placed at the exchange until 2019-09-03 09:30:00 US/Eastern
(MainThread) 190830_19:42:19.812 ERROR wrapper.py:56 ERROR 0 399 Order Message:
SELL 1 IBKR IEX
Warning: your order will not be placed at the exchange until 2019-09-03 09:30:00 US/Eastern
(MainThread) 190830_19:42:19.814 ERROR wrapper.py:56 ERROR 0 399 Order Message:
SELL 1 IBKR IEX
Warning: your order will not be placed at the exchange until 2019-09-03 09:30:00 US/Eastern
(MainThread) 190830_19:42:19.816 ERROR wrapper.py:56 ERROR 0 399 Order Message:
SELL 1 IBKR IEX
Warning: your order will not be placed at the exchange until 2019-09-03 09:30:00 US/Eastern
(MainThread) 190830_19:42:19.818 ERROR wrapper.py:56 ERROR 0 399 Order Message:
SELL 1 IBKR IEX
Warning: your order will not be placed at the exchange until 2019-09-03 09:30:00 US/Eastern
(MainThread) 190830_19:42:19.820 ERROR wrapper.py:56 ERROR 0 399 Order Message:
SELL 1 IBKR IEX
Warning: your order will not be placed at the exchange until 2019-09-03 09:30:00 US/Eastern
(MainThread) 190830_19:42:19.822 ERROR wrapper.py:56 ERROR 0 399 Order Message:
SELL 1 IBKR IEX
Warning: your order will not be placed at the exchange until 2019-09-03 09:30:00 US/Eastern
(MainThread) 190830_19:42:19.824 ERROR wrapper.py:56 ERROR 0 399 Order Message:
SELL 1 IBKR IEX
Warning: your order will not be placed at the exchange until 2019-09-03 09:30:00 US/Eastern
(MainThread) 190830_19:42:19.826 ERROR wrapper.py:56 ERROR 0 399 Order Message:
SELL 1 IBKR IEX
Warning: your order will not be placed at the exchange until 2019-09-03 09:30:00 US/Eastern
(MainThread) 190830_19:42:19.828 ERROR wrapper.py:56 ERROR 0 399 Order Message:
SELL 1 IBKR IEX
Warning: your order will not be placed at the exchange until 2019-09-03 09:30:00 US/Eastern
(MainThread) 190830_19:42:19.830 ERROR wrapper.py:56 ERROR 0 399 Order Message:
SELL 1 IBKR IEX
Warning: your order will not be placed at the exchange until 2019-09-03 09:30:00 US/Eastern
(MainThread) 190830_19:42:19.833 ERROR wrapper.py:56 ERROR 0 399 Order Message:
SELL 1 IBKR IEX
Warning: your order will not be placed at the exchange until 2019-09-03 09:30:00 US/Eastern
(MainThread) 190830_19:42:19.834 ERROR wrapper.py:56 ERROR 0 399 Order Message:
SELL 1 IBKR IEX
Warning: your order will not be placed at the exchange until 2019-09-03 09:30:00 US/Eastern
(MainThread) 190830_19:42:19.836 ERROR wrapper.py:56 ERROR 0 399 Order Message:
SELL 1 IBKR IEX
Warning: your order will not be placed at the exchange until 2019-09-03 09:30:00 US/Eastern
(MainThread) 190830_19:42:19.839 ERROR wrapper.py:56 ERROR 0 399 Order Message:
SELL 1 IBKR IEX
Warning: your order will not be placed at the exchange until 2019-09-03 09:30:00 US/Eastern
(MainThread) 190830_19:42:19.840 ERROR wrapper.py:56 ERROR 0 399 Order Message:
SELL 1 IBKR IEX
Warning: your order will not be placed at the exchange until 2019-09-03 09:30:00 US/Eastern
(MainThread) 190830_19:42:20.289 ERROR wrapper.py:56 ERROR -1 2105 HMDS data farm connection is broken:cashhmds
(MainThread) 190830_19:42:20.927 ERROR wrapper.py:56 ERROR -1 2106 HMDS data farm connection is OK:cashhmds
(MainThread) 190830_19:42:26.289 ERROR wrapper.py:56 ERROR -1 2105 HMDS data farm connection is broken:euhmds
(MainThread) 190830_19:42:26.467 ERROR wrapper.py:56 ERROR -1 2103 Market data farm connection is broken:jfarm
(MainThread) 190830_19:42:27.602 ERROR wrapper.py:56 ERROR -1 2103 Market data farm connection is broken:cashfarm
(MainThread) 190830_19:42:27.910 ERROR wrapper.py:56 ERROR -1 2104 Market data farm connection is OK:jfarm
(MainThread) 190830_19:42:28.056 ERROR wrapper.py:56 ERROR -1 2106 HMDS data farm connection is OK:euhmds
(MainThread) 190830_19:42:28.265 ERROR wrapper.py:56 ERROR -1 2104 Market data farm connection is OK:cashfarm
(MainThread) 190830_19:42:52.244 ERROR wrapper.py:56 ERROR -1 2103 Market data farm connection is broken:usfuture
(MainThread) 190830_19:42:52.772 ERROR wrapper.py:56 ERROR -1 2104 Market data farm connection is OK:usfuture
(MainThread) 190830_19:42:52.893 ERROR wrapper.py:56 ERROR -1 2105 HMDS data farm connection is broken:ushmds.nj
(MainThread) 190830_19:42:53.501 ERROR wrapper.py:56 ERROR -1 2106 HMDS data farm connection is OK:ushmds.nj
