(MainThread) 190901_22:58:41.503 DEBUG Trading.py:110 now is 2019-09-01 22:58:41.503820
(MainThread) 190901_22:58:41.508 ERROR wrapper.py:56 ERROR -1 2104 Market data farm connection is OK:hfarm
(MainThread) 190901_22:58:41.508 ERROR wrapper.py:56 ERROR -1 2104 Market data farm connection is OK:usfarm.nj
(MainThread) 190901_22:58:41.509 ERROR wrapper.py:56 ERROR -1 2104 Market data farm connection is OK:eufarm
(MainThread) 190901_22:58:41.510 ERROR wrapper.py:56 ERROR -1 2104 Market data farm connection is OK:jfarm
(MainThread) 190901_22:58:41.510 ERROR wrapper.py:56 ERROR -1 2104 Market data farm connection is OK:usfuture
(MainThread) 190901_22:58:41.510 ERROR wrapper.py:56 ERROR -1 2104 Market data farm connection is OK:cashfarm
(MainThread) 190901_22:58:41.512 ERROR wrapper.py:56 ERROR -1 2104 Market data farm connection is OK:usfarm
(MainThread) 190901_22:58:41.512 ERROR wrapper.py:56 ERROR -1 2106 HMDS data farm connection is OK:euhmds
(MainThread) 190901_22:58:41.513 ERROR wrapper.py:56 ERROR -1 2106 HMDS data farm connection is OK:cashhmds
(MainThread) 190901_22:58:41.513 ERROR wrapper.py:56 ERROR -1 2106 HMDS data farm connection is OK:fundfarm
(MainThread) 190901_22:58:41.513 ERROR wrapper.py:56 ERROR -1 2106 HMDS data farm connection is OK:ushmds
(MainThread) 190901_22:58:45.881 ERROR wrapper.py:56 ERROR 524 399 Order Message:
BUY 160 AAPL NASDAQ.NMS
Warning: your order will not be placed at the exchange until 2019-09-03 09:30:00 US/Eastern
(MainThread) 190901_22:58:45.891 ERROR wrapper.py:56 ERROR 524 201 Order rejected - reason:Your order is not accepted because your Equity with Loan Value of [987159.97 USD] is insufficient to cover the Initial Margin requirement of [1012856.57 USD]

(MainThread) 190901_22:58:56.899 ERROR wrapper.py:56 ERROR 526 399 Order Message:
BUY 77 AAPL NASDAQ.NMS
Warning: your order will not be placed at the exchange until 2019-09-03 09:30:00 US/Eastern
(MainThread) 190901_22:58:56.947 ERROR wrapper.py:56 ERROR 526 201 Order rejected - reason:YOUR ORDER IS NOT ACCEPTED. IN ORDER TO OBTAIN THE DESIRED POSITION YOUR EQUITY WITH LOAN VALUE [1009678.12 USD] MUST EXCEED THE INITIAL MARGIN [1008538.41 USD] PLUS VALUATION UNCERTAINTY [22516.56 USD]
