(MainThread) 190902_15:59:08.197 DEBUG Trading.py:103 now is 2019-09-02 15:59:08.197273
(MainThread) 190902_15:59:08.251 ERROR wrapper.py:56 ERROR -1 2104 Market data farm connection is OK:hfarm
(MainThread) 190902_15:59:08.251 ERROR wrapper.py:56 ERROR -1 2104 Market data farm connection is OK:usfarm.nj
(MainThread) 190902_15:59:08.252 ERROR wrapper.py:56 ERROR -1 2104 Market data farm connection is OK:eufarm
(MainThread) 190902_15:59:08.253 ERROR wrapper.py:56 ERROR -1 2104 Market data farm connection is OK:jfarm
(MainThread) 190902_15:59:08.253 ERROR wrapper.py:56 ERROR -1 2104 Market data farm connection is OK:usfuture
(MainThread) 190902_15:59:08.254 ERROR wrapper.py:56 ERROR -1 2104 Market data farm connection is OK:cashfarm
(MainThread) 190902_15:59:08.255 ERROR wrapper.py:56 ERROR -1 2104 Market data farm connection is OK:usfarm
(MainThread) 190902_15:59:08.256 ERROR wrapper.py:56 ERROR -1 2106 HMDS data farm connection is OK:euhmds
(MainThread) 190902_15:59:08.257 ERROR wrapper.py:56 ERROR -1 2106 HMDS data farm connection is OK:cashhmds
(MainThread) 190902_15:59:08.257 ERROR wrapper.py:56 ERROR -1 2106 HMDS data farm connection is OK:fundfarm
(MainThread) 190902_15:59:08.258 ERROR wrapper.py:56 ERROR -1 2106 HMDS data farm connection is OK:ushmds
(MainThread) 190902_16:00:48.284 ERROR wrapper.py:56 ERROR 536 399 Order Message:
BUY 150 AAPL NASDAQ.NMS
Warning: your order will not be placed at the exchange until 2019-09-03 09:30:00 US/Eastern
(MainThread) 190902_16:00:48.342 ERROR wrapper.py:56 ERROR 536 201 Order rejected - reason:Your order is not accepted because your Equity with Loan Value of [975317.60 USD] is insufficient to cover the Initial Margin requirement of [1012290.46 USD]

(MainThread) 190902_16:01:05.612 ERROR wrapper.py:56 ERROR 538 399 Order Message:
BUY 332 AAPL NASDAQ.NMS
Warning: your order will not be placed at the exchange until 2019-09-03 09:30:00 US/Eastern
(MainThread) 190902_16:01:05.671 ERROR wrapper.py:56 ERROR 538 201 Order rejected - reason:Your order is not accepted because your Equity with Loan Value of [975316.94 USD] is insufficient to cover the Initial Margin requirement of [1021758.97 USD]

(MainThread) 190902_16:02:08.007 ERROR wrapper.py:56 ERROR -1 2108 Market data farm connection is inactive but should be available upon demand.hfarm
(MainThread) 190902_16:02:08.010 ERROR wrapper.py:56 ERROR -1 2108 Market data farm connection is inactive but should be available upon demand.hfarm
(MainThread) 190902_16:02:08.013 ERROR wrapper.py:56 ERROR -1 2108 Market data farm connection is inactive but should be available upon demand.eufarm
(MainThread) 190902_16:02:08.015 ERROR wrapper.py:56 ERROR -1 2108 Market data farm connection is inactive but should be available upon demand.jfarm
(MainThread) 190902_16:02:08.017 ERROR wrapper.py:56 ERROR -1 2108 Market data farm connection is inactive but should be available upon demand.eufarm
(MainThread) 190902_16:02:08.019 ERROR wrapper.py:56 ERROR -1 2108 Market data farm connection is inactive but should be available upon demand.jfarm
(MainThread) 190902_16:02:08.021 ERROR wrapper.py:56 ERROR -1 2108 Market data farm connection is inactive but should be available upon demand.usfuture
(MainThread) 190902_16:02:08.023 ERROR wrapper.py:56 ERROR -1 2108 Market data farm connection is inactive but should be available upon demand.usfuture
(MainThread) 190902_17:00:08.132 ERROR wrapper.py:56 ERROR -1 2108 Market data farm connection is inactive but should be available upon demand.usfarm.nj
(MainThread) 190902_17:00:08.137 ERROR wrapper.py:56 ERROR -1 2108 Market data farm connection is inactive but should be available upon demand.usfarm.nj
(MainThread) 190902_17:00:08.139 ERROR wrapper.py:56 ERROR -1 2108 Market data farm connection is inactive but should be available upon demand.cashfarm
(MainThread) 190902_17:00:08.140 ERROR wrapper.py:56 ERROR -1 2108 Market data farm connection is inactive but should be available upon demand.cashfarm
(MainThread) 190902_17:15:01.227 ERROR wrapper.py:56 ERROR -1 2104 Market data farm connection is OK:cashfarm
(MainThread) 190902_17:52:39.170 ERROR wrapper.py:56 ERROR -1 2104 Market data farm connection is OK:usfarm.nj
(MainThread) 190902_17:52:45.590 ERROR wrapper.py:56 ERROR -1 2104 Market data farm connection is OK:eufarm
