(MainThread) 190901_23:00:59.360 DEBUG Trading.py:110 now is 2019-09-01 23:00:59.360824
(MainThread) 190901_23:00:59.365 ERROR wrapper.py:56 ERROR -1 2104 Market data farm connection is OK:hfarm
(MainThread) 190901_23:00:59.366 ERROR wrapper.py:56 ERROR -1 2104 Market data farm connection is OK:usfarm.nj
(MainThread) 190901_23:00:59.366 ERROR wrapper.py:56 ERROR -1 2104 Market data farm connection is OK:eufarm
(MainThread) 190901_23:00:59.366 ERROR wrapper.py:56 ERROR -1 2104 Market data farm connection is OK:jfarm
(MainThread) 190901_23:00:59.368 ERROR wrapper.py:56 ERROR -1 2104 Market data farm connection is OK:usfuture
(MainThread) 190901_23:00:59.368 ERROR wrapper.py:56 ERROR -1 2104 Market data farm connection is OK:cashfarm
(MainThread) 190901_23:00:59.370 ERROR wrapper.py:56 ERROR -1 2104 Market data farm connection is OK:usfarm
(MainThread) 190901_23:00:59.371 ERROR wrapper.py:56 ERROR -1 2106 HMDS data farm connection is OK:euhmds
(MainThread) 190901_23:00:59.371 ERROR wrapper.py:56 ERROR -1 2106 HMDS data farm connection is OK:cashhmds
(MainThread) 190901_23:00:59.371 ERROR wrapper.py:56 ERROR -1 2106 HMDS data farm connection is OK:fundfarm
(MainThread) 190901_23:00:59.371 ERROR wrapper.py:56 ERROR -1 2106 HMDS data farm connection is OK:ushmds
(MainThread) 190901_23:01:13.950 ERROR wrapper.py:56 ERROR 528 399 Order Message:
BUY 77 IBKR IEX
Warning: your order will not be placed at the exchange until 2019-09-03 09:30:00 US/Eastern
(MainThread) 190901_23:01:13.963 ERROR wrapper.py:56 ERROR 528 201 Order rejected - reason:YOUR ORDER IS NOT ACCEPTED. IN ORDER TO OBTAIN THE DESIRED POSITION YOUR EQUITY WITH LOAN VALUE [1009687.22 USD] MUST EXCEED THE INITIAL MARGIN [1005438.29 USD] PLUS VALUATION UNCERTAINTY [24795.32 USD]
(MainThread) 190901_23:01:40.161 ERROR wrapper.py:56 ERROR 530 399 Order Message:
SELL 88 AMZN NASDAQ.NMS
Warning: your order will not be placed at the exchange until 2019-09-03 09:30:00 US/Eastern
(MainThread) 190901_23:01:40.168 ERROR wrapper.py:56 ERROR 530 201 Order rejected - reason:Your order is not accepted because your Equity with Loan Value of [983296.15 USD] is insufficient to cover the Initial Margin requirement of [1051378.77 USD]

