(MainThread) 190901_22:57:42.271 DEBUG Trading.py:110 now is 2019-09-01 22:57:42.271465
(MainThread) 190901_22:57:42.276 ERROR wrapper.py:56 ERROR -1 2104 Market data farm connection is OK:hfarm
(MainThread) 190901_22:57:42.277 ERROR wrapper.py:56 ERROR -1 2104 Market data farm connection is OK:usfarm.nj
(MainThread) 190901_22:57:42.277 ERROR wrapper.py:56 ERROR -1 2104 Market data farm connection is OK:eufarm
(MainThread) 190901_22:57:42.277 ERROR wrapper.py:56 ERROR -1 2104 Market data farm connection is OK:jfarm
(MainThread) 190901_22:57:42.278 ERROR wrapper.py:56 ERROR -1 2104 Market data farm connection is OK:usfuture
(MainThread) 190901_22:57:42.278 ERROR wrapper.py:56 ERROR -1 2104 Market data farm connection is OK:cashfarm
(MainThread) 190901_22:57:42.280 ERROR wrapper.py:56 ERROR -1 2104 Market data farm connection is OK:usfarm
(MainThread) 190901_22:57:42.280 ERROR wrapper.py:56 ERROR -1 2106 HMDS data farm connection is OK:euhmds
(MainThread) 190901_22:57:42.281 ERROR wrapper.py:56 ERROR -1 2106 HMDS data farm connection is OK:cashhmds
(MainThread) 190901_22:57:42.281 ERROR wrapper.py:56 ERROR -1 2106 HMDS data farm connection is OK:fundfarm
(MainThread) 190901_22:57:42.282 ERROR wrapper.py:56 ERROR -1 2106 HMDS data farm connection is OK:ushmds
(MainThread) 190901_22:57:50.337 ERROR wrapper.py:56 ERROR 520 399 Order Message:
SELL 150 AAPL NASDAQ.NMS
Warning: your order will not be placed at the exchange until 2019-09-03 09:30:00 US/Eastern
(MainThread) 190901_22:57:50.346 ERROR wrapper.py:56 ERROR 520 201 Order rejected - reason:Your order is not accepted because your Equity with Loan Value of [986542.28 USD] is insufficient to cover the Initial Margin requirement of [1013897.27 USD]

(MainThread) 190901_22:58:01.733 ERROR wrapper.py:56 ERROR 522 399 Order Message:
BUY 160 AAPL NASDAQ.NMS
Warning: your order will not be placed at the exchange until 2019-09-03 09:30:00 US/Eastern
(MainThread) 190901_22:58:01.740 ERROR wrapper.py:56 ERROR 522 201 Order rejected - reason:Your order is not accepted because your Equity with Loan Value of [986561.57 USD] is insufficient to cover the Initial Margin requirement of [1012856.57 USD]

